         - @ConditionalOnClass did not find required class 'org.springframework.web.reactive.function.client.WebClient' (OnClassCondition)

   CodecsAutoConfiguration:
      Did not match:
         - @ConditionalOnClass did not find required class 'org.springframework.web.reactive.function.client.WebClient' (OnClassCondition)

   CouchbaseAutoConfiguration:
      Did not match:
         - @ConditionalOnClass did not find required class 'com.couchbase.client.java.Cluster' (OnClassCondition)

   CouchbaseCacheConfiguration:
      Did not match:
         - @ConditionalOnClass did not find required class 'com.couchbase.client.java.Cluster' (OnClassCondition)

   CouchbaseDataAutoConfiguration:
      Did not match:
         - @ConditionalOnClass did not find required class 'com.couchbase.client.java.Bucket' (OnClassCondition)

   CouchbaseReactiveDataAutoConfiguration:
      Did not match:
         - @ConditionalOnClass did not find required class 'com.couchbase.client.java.Cluster' (OnClassCondition)

   CouchbaseReactiveRepositoriesAutoConfiguration:
      Did not match:
         - @ConditionalOnClass did not find required class 'com.couchbase.client.java.Cluster' (OnClassCondition)

   CouchbaseRepositoriesAutoConfiguration:
      Did not match:
         - @ConditionalOnClass did not find required class 'com.couchbase.client.java.Bucket' (OnClassCondition)

   DataSourceAutoConfiguration.EmbeddedDatabaseConfiguration:
      Did not match:
         - EmbeddedDataSource spring.datasource.url is set (DataSourceAutoConfiguration.EmbeddedDatabaseCondition)

   DataSourceCheckpointRestoreConfiguration:
      Did not match:
         - @ConditionalOnClass did not find required class 'org.crac.Resource' (OnClassCondition)

   DataSourceConfiguration.Dbcp2:
      Did not match:
         - @ConditionalOnClass did not find required class 'org.apache.commons.dbcp2.BasicDataSource' (OnClassCondition)

   DataSourceConfiguration.Generic:
      Did not match:
         - @ConditionalOnProperty (spring.datasource.type) did not find property 'spring.datasource.type' (OnPropertyCondition)

   DataSourceConfiguration.OracleUcp:
      Did not match:
         - @ConditionalOnClass did not find required classes 'oracle.ucp.jdbc.PoolDataSourceImpl', 'oracle.jdbc.OracleConnection' (OnClassCondition)

   DataSourceConfiguration.Tomcat:
      Did not match:
         - @ConditionalOnClass did not find required class 'org.apache.tomcat.jdbc.pool.DataSource' (OnClassCondition)

   DataSourceJmxConfiguration.TomcatDataSourceJmxConfiguration:
      Did not match:
         - @ConditionalOnClass did not find required class 'org.apache.tomcat.jdbc.pool.DataSourceProxy' (OnClassCondition)

   DataSourcePoolMetadataProvidersConfiguration.CommonsDbcp2PoolDataSourceMetadataProviderConfiguration:
      Did not match:
         - @ConditionalOnClass did not find required class 'org.apache.commons.dbcp2.BasicDataSource' (OnClassCondition)

   DataSourcePoolMetadataProvidersConfiguration.OracleUcpPoolDataSourceMetadataProviderConfiguration:
      Did not match:
         - @ConditionalOnClass did not find required classes 'oracle.ucp.jdbc.PoolDataSource', 'oracle.jdbc.OracleConnection' (OnClassCondition)

   DataSourcePoolMetadataProvidersConfiguration.TomcatDataSourcePoolMetadataProviderConfiguration:
      Did not match:
         - @ConditionalOnClass did not find required class 'org.apache.tomcat.jdbc.pool.DataSource' (OnClassCondition)

   DataSourceTransactionManagerAutoConfiguration.JdbcTransactionManagerConfiguration#transactionManager:
      Did not match:
         - @ConditionalOnMissingBean (types: org.springframework.transaction.TransactionManager; SearchStrategy: all) found beans of type 'org.springframework.transaction.TransactionManager' transactionManager (OnBeanCondition)

   DevToolsR2dbcAutoConfiguration:
      Did not match:
         - @ConditionalOnClass did not find required class 'io.r2dbc.spi.ConnectionFactory' (OnClassCondition)

   DispatcherServletAutoConfiguration.DispatcherServletConfiguration#multipartResolver:
      Did not match:
         - @ConditionalOnBean (types: org.springframework.web.multipart.MultipartResolver; SearchStrategy: all) did not find any beans of type org.springframework.web.multipart.MultipartResolver (OnBeanCondition)

   ElasticsearchClientAutoConfiguration:
      Did not match:
         - @ConditionalOnClass did not find required class 'co.elastic.clients.elasticsearch.ElasticsearchClient' (OnClassCondition)

   ElasticsearchDataAutoConfiguration:
      Did not match:
         - @ConditionalOnClass did not find required class 'org.springframework.data.elasticsearch.client.elc.ElasticsearchTemplate' (OnClassCondition)

   ElasticsearchRepositoriesAutoConfiguration:
      Did not match:
         - @ConditionalOnClass did not find required class 'org.springframework.data.elasticsearch.repository.ElasticsearchRepository' (OnClassCondition)

   ElasticsearchRestClientAutoConfiguration:
      Did not match:
         - @ConditionalOnClass did not find required class 'org.elasticsearch.client.RestClientBuilder' (OnClassCondition)

   EmbeddedLdapAutoConfiguration:
      Did not match:
         - @ConditionalOnClass did not find required class 'com.unboundid.ldap.listener.InMemoryDirectoryServer' (OnClassCondition)

   EmbeddedWebServerFactoryCustomizerAutoConfiguration.JettyWebServerFactoryCustomizerConfiguration:
      Did not match:
         - @ConditionalOnClass did not find required classes 'org.eclipse.jetty.server.Server', 'org.eclipse.jetty.util.Loader', 'org.eclipse.jetty.ee10.webapp.WebAppContext' (OnClassCondition)

   EmbeddedWebServerFactoryCustomizerAutoConfiguration.NettyWebServerFactoryCustomizerConfiguration:
      Did not match:
         - @ConditionalOnClass did not find required class 'reactor.netty.http.server.HttpServer' (OnClassCondition)

   EmbeddedWebServerFactoryCustomizerAutoConfiguration.TomcatWebServerFactoryCustomizerConfiguration#tomcatVirtualThreadsProtocolHandlerCustomizer:
      Did not match:
         - @ConditionalOnThreading did not find VIRTUAL (OnThreadingCondition)

   EmbeddedWebServerFactoryCustomizerAutoConfiguration.UndertowWebServerFactoryCustomizerConfiguration:
      Did not match:
         - @ConditionalOnClass did not find required classes 'io.undertow.Undertow', 'org.xnio.SslClientAuthMode' (OnClassCondition)

   ErrorWebFluxAutoConfiguration:
      Did not match:
         - @ConditionalOnClass did not find required class 'org.springframework.web.reactive.config.WebFluxConfigurer' (OnClassCondition)

   FlywayAutoConfiguration:
      Did not match:
         - @ConditionalOnClass did not find required class 'org.flywaydb.core.Flyway' (OnClassCondition)

   FreeMarkerAutoConfiguration:
      Did not match:
         - @ConditionalOnClass did not find required class 'freemarker.template.Configuration' (OnClassCondition)

   GraphQlAutoConfiguration:
      Did not match:
         - @ConditionalOnClass did not find required class 'graphql.GraphQL' (OnClassCondition)

   GraphQlQueryByExampleAutoConfiguration:
      Did not match:
         - @ConditionalOnClass did not find required class 'graphql.GraphQL' (OnClassCondition)

   GraphQlQuerydslAutoConfiguration:
      Did not match:
         - @ConditionalOnClass did not find required class 'com.querydsl.core.Query' (OnClassCondition)

   GraphQlRSocketAutoConfiguration:
      Did not match:
         - @ConditionalOnClass did not find required class 'graphql.GraphQL' (OnClassCondition)

   GraphQlReactiveQueryByExampleAutoConfiguration:
      Did not match:
         - @ConditionalOnClass did not find required class 'graphql.GraphQL' (OnClassCondition)

   GraphQlReactiveQuerydslAutoConfiguration:
      Did not match:
         - @ConditionalOnClass did not find required class 'com.querydsl.core.Query' (OnClassCondition)

   GraphQlWebFluxAutoConfiguration:
      Did not match:
         - @ConditionalOnClass did not find required class 'graphql.GraphQL' (OnClassCondition)

   GraphQlWebFluxSecurityAutoConfiguration:
      Did not match:
         - @ConditionalOnClass did not find required class 'graphql.GraphQL' (OnClassCondition)

   GraphQlWebMvcAutoConfiguration:
      Did not match:
         - @ConditionalOnClass did not find required class 'graphql.GraphQL' (OnClassCondition)

   GraphQlWebMvcSecurityAutoConfiguration:
      Did not match:
         - @ConditionalOnClass did not find required class 'graphql.GraphQL' (OnClassCondition)

   GroovyTemplateAutoConfiguration:
      Did not match:
         - @ConditionalOnClass did not find required class 'groovy.text.markup.MarkupTemplateEngine' (OnClassCondition)

   GsonHttpMessageConvertersConfiguration.GsonHttpMessageConverterConfiguration:
      Did not match:
         - AnyNestedCondition 0 matched 2 did not; NestedCondition on GsonHttpMessageConvertersConfiguration.PreferGsonOrJacksonAndJsonbUnavailableCondition.JacksonJsonbUnavailable NoneNestedConditions 1 matched 1 did not; NestedCondition on GsonHttpMessageConvertersConfiguration.JacksonAndJsonbUnavailableCondition.JsonbPreferred @ConditionalOnProperty (spring.mvc.converters.preferred-json-mapper=jsonb) did not find property 'spring.mvc.converters.preferred-json-mapper'; NestedCondition on GsonHttpMessageConvertersConfiguration.JacksonAndJsonbUnavailableCondition.JacksonAvailable @ConditionalOnBean (types: org.springframework.http.converter.json.MappingJackson2HttpMessageConverter; SearchStrategy: all) found bean 'mappingJackson2HttpMessageConverter'; NestedCondition on GsonHttpMessageConvertersConfiguration.PreferGsonOrJacksonAndJsonbUnavailableCondition.GsonPreferred @ConditionalOnProperty (spring.mvc.converters.preferred-json-mapper=gson) did not find property 'spring.mvc.converters.preferred-json-mapper' (GsonHttpMessageConvertersConfiguration.PreferGsonOrJacksonAndJsonbUnavailableCondition)

   H2ConsoleAutoConfiguration:
      Did not match:
         - @ConditionalOnClass did not find required class 'org.h2.server.web.JakartaWebServlet' (OnClassCondition)

   HazelcastAutoConfiguration:
      Did not match:
         - @ConditionalOnClass did not find required class 'com.hazelcast.core.HazelcastInstance' (OnClassCondition)

   HazelcastCacheConfiguration:
      Did not match:
         - @ConditionalOnClass did not find required class 'com.hazelcast.core.HazelcastInstance' (OnClassCondition)

   HazelcastJpaDependencyAutoConfiguration:
      Did not match:
         - @ConditionalOnClass did not find required class 'com.hazelcast.core.HazelcastInstance' (OnClassCondition)

   HttpHandlerAutoConfiguration:
      Did not match:
         - @ConditionalOnClass did not find required class 'org.springframework.web.reactive.DispatcherHandler' (OnClassCondition)

   HypermediaAutoConfiguration:
      Did not match:
         - @ConditionalOnClass did not find required class 'org.springframework.hateoas.EntityModel' (OnClassCondition)

   InfinispanCacheConfiguration:
      Did not match:
         - @ConditionalOnClass did not find required class 'org.infinispan.spring.embedded.provider.SpringEmbeddedCacheManager' (OnClassCondition)

   IntegrationAutoConfiguration:
      Did not match:
         - @ConditionalOnClass did not find required class 'org.springframework.integration.config.EnableIntegration' (OnClassCondition)

   JCacheCacheConfiguration:
      Did not match:
         - @ConditionalOnClass did not find required class 'javax.cache.Caching' (OnClassCondition)

   JacksonHttpMessageConvertersConfiguration.MappingJackson2XmlHttpMessageConverterConfiguration:
      Did not match:
         - @ConditionalOnClass did not find required class 'com.fasterxml.jackson.dataformat.xml.XmlMapper' (OnClassCondition)

   JdbcRepositoriesAutoConfiguration:
      Did not match:
         - @ConditionalOnClass did not find required class 'org.springframework.data.jdbc.repository.config.AbstractJdbcConfiguration' (OnClassCondition)

   JerseyAutoConfiguration:
      Did not match:
         - @ConditionalOnClass did not find required class 'org.glassfish.jersey.server.spring.SpringComponentProvider' (OnClassCondition)

   JmsAutoConfiguration:
      Did not match:
         - @ConditionalOnClass did not find required class 'jakarta.jms.Message' (OnClassCondition)

   JndiConnectionFactoryAutoConfiguration:
      Did not match:
         - @ConditionalOnClass did not find required class 'org.springframework.jms.core.JmsTemplate' (OnClassCondition)

   JndiDataSourceAutoConfiguration:
      Did not match:
         - @ConditionalOnProperty (spring.datasource.jndi-name) did not find property 'jndi-name' (OnPropertyCondition)
      Matched:
         - @ConditionalOnClass found required classes 'javax.sql.DataSource', 'org.springframework.jdbc.datasource.embedded.EmbeddedDatabaseType' (OnClassCondition)

   JndiJtaConfiguration:
      Did not match:
         - @ConditionalOnJndi JNDI environment is not available (OnJndiCondition)
      Matched:
         - @ConditionalOnClass found required class 'org.springframework.transaction.jta.JtaTransactionManager' (OnClassCondition)

   JooqAutoConfiguration:
      Did not match:
         - @ConditionalOnClass did not find required class 'org.jooq.DSLContext' (OnClassCondition)

   JpaRepositoriesAutoConfiguration#entityManagerFactoryBootstrapExecutorCustomizer:
      Did not match:
         - AnyNestedCondition 0 matched 2 did not; NestedCondition on JpaRepositoriesAutoConfiguration.BootstrapExecutorCondition.LazyBootstrapMode @ConditionalOnProperty (spring.data.jpa.repositories.bootstrap-mode=lazy) did not find property 'bootstrap-mode'; NestedCondition on JpaRepositoriesAutoConfiguration.BootstrapExecutorCondition.DeferredBootstrapMode @ConditionalOnProperty (spring.data.jpa.repositories.bootstrap-mode=deferred) did not find property 'bootstrap-mode' (JpaRepositoriesAutoConfiguration.BootstrapExecutorCondition)

   JsonbAutoConfiguration:
      Did not match:
         - @ConditionalOnClass did not find required class 'jakarta.json.bind.Jsonb' (OnClassCondition)

   JsonbHttpMessageConvertersConfiguration:
      Did not match:
         - @ConditionalOnClass did not find required class 'jakarta.json.bind.Jsonb' (OnClassCondition)

   KafkaAutoConfiguration:
      Did not match:
         - @ConditionalOnClass did not find required class 'org.springframework.kafka.core.KafkaTemplate' (OnClassCondition)

   LdapAutoConfiguration:
      Did not match:
         - @ConditionalOnClass did not find required class 'org.springframework.ldap.core.ContextSource' (OnClassCondition)

   LdapRepositoriesAutoConfiguration:
      Did not match:
         - @ConditionalOnClass did not find required class 'org.springframework.data.ldap.repository.LdapRepository' (OnClassCondition)

   LiquibaseAutoConfiguration:
      Did not match:
         - @ConditionalOnClass did not find required class 'liquibase.change.DatabaseChange' (OnClassCondition)

   MailSenderJndiConfiguration:
      Did not match:
         - @ConditionalOnProperty (spring.mail.jndi-name) did not find property 'jndi-name' (OnPropertyCondition)
      Matched:
         - @ConditionalOnClass found required class 'jakarta.mail.Session' (OnClassCondition)

   MailSenderValidatorAutoConfiguration:
      Did not match:
         - @ConditionalOnProperty (spring.mail.test-connection) did not find property 'test-connection' (OnPropertyCondition)

   MessageSourceAutoConfiguration:
      Did not match:
         - ResourceBundle did not find bundle with basename messages (MessageSourceAutoConfiguration.ResourceBundleCondition)

   MongoAutoConfiguration:
      Did not match:
         - @ConditionalOnClass did not find required class 'com.mongodb.client.MongoClient' (OnClassCondition)

   MongoDataAutoConfiguration:
      Did not match:
         - @ConditionalOnClass did not find required class 'com.mongodb.client.MongoClient' (OnClassCondition)

   MongoReactiveAutoConfiguration:
      Did not match:
         - @ConditionalOnClass did not find required class 'com.mongodb.reactivestreams.client.MongoClient' (OnClassCondition)

   MongoReactiveDataAutoConfiguration:
      Did not match:
         - @ConditionalOnClass did not find required class 'com.mongodb.reactivestreams.client.MongoClient' (OnClassCondition)

   MongoReactiveRepositoriesAutoConfiguration:
      Did not match:
         - @ConditionalOnClass did not find required class 'com.mongodb.reactivestreams.client.MongoClient' (OnClassCondition)

   MongoRepositoriesAutoConfiguration:
      Did not match:
         - @ConditionalOnClass did not find required class 'com.mongodb.client.MongoClient' (OnClassCondition)

   MustacheAutoConfiguration:
      Did not match:
         - @ConditionalOnClass did not find required class 'com.samskivert.mustache.Mustache' (OnClassCondition)

   Neo4jAutoConfiguration:
      Did not match:
         - @ConditionalOnClass did not find required class 'org.neo4j.driver.Driver' (OnClassCondition)

   Neo4jDataAutoConfiguration:
      Did not match:
         - @ConditionalOnClass did not find required class 'org.neo4j.driver.Driver' (OnClassCondition)

   Neo4jReactiveDataAutoConfiguration:
      Did not match:
         - @ConditionalOnClass did not find required class 'org.neo4j.driver.Driver' (OnClassCondition)

   Neo4jReactiveRepositoriesAutoConfiguration:
      Did not match:
         - @ConditionalOnClass did not find required class 'org.neo4j.driver.Driver' (OnClassCondition)

   Neo4jRepositoriesAutoConfiguration:
      Did not match:
         - @ConditionalOnClass did not find required class 'org.neo4j.driver.Driver' (OnClassCondition)

   NettyAutoConfiguration:
      Did not match:
         - @ConditionalOnClass did not find required class 'io.netty.util.NettyRuntime' (OnClassCondition)

   OAuth2AuthorizationServerAutoConfiguration:
      Did not match:
         - @ConditionalOnClass did not find required class 'org.springframework.security.oauth2.server.authorization.OAuth2Authorization' (OnClassCondition)

   OAuth2AuthorizationServerJwtAutoConfiguration:
      Did not match:
         - @ConditionalOnClass did not find required class 'org.springframework.security.oauth2.server.authorization.OAuth2Authorization' (OnClassCondition)

   OAuth2ClientAutoConfiguration:
      Did not match:
         - @ConditionalOnClass did not find required class 'org.springframework.security.oauth2.client.registration.ClientRegistration' (OnClassCondition)

   OAuth2ResourceServerAutoConfiguration:
      Did not match:
         - @ConditionalOnClass did not find required class 'org.springframework.security.oauth2.server.resource.authentication.BearerTokenAuthenticationToken' (OnClassCondition)

   ProjectInfoAutoConfiguration#buildProperties:
      Did not match:
         - @ConditionalOnResource did not find resource '${spring.info.build.location:classpath:META-INF/build-info.properties}' (OnResourceCondition)

   ProjectInfoAutoConfiguration#gitProperties:
      Did not match:
         - GitResource did not find git info at classpath:git.properties (ProjectInfoAutoConfiguration.GitResourceAvailableCondition)

   PulsarAutoConfiguration:
      Did not match:
         - @ConditionalOnClass did not find required class 'org.apache.pulsar.client.api.PulsarClient' (OnClassCondition)

   PulsarReactiveAutoConfiguration:
      Did not match:
         - @ConditionalOnClass did not find required class 'org.apache.pulsar.client.api.PulsarClient' (OnClassCondition)

   QuartzAutoConfiguration:
      Did not match:
         - @ConditionalOnClass did not find required class 'org.quartz.Scheduler' (OnClassCondition)

   R2dbcAutoConfiguration:
      Did not match:
         - @ConditionalOnClass did not find required class 'io.r2dbc.spi.ConnectionFactory' (OnClassCondition)

   R2dbcDataAutoConfiguration:
      Did not match:
         - @ConditionalOnClass did not find required class 'org.springframework.data.r2dbc.core.R2dbcEntityTemplate' (OnClassCondition)

   R2dbcInitializationConfiguration:
      Did not match:
         - @ConditionalOnClass did not find required classes 'io.r2dbc.spi.ConnectionFactory', 'org.springframework.r2dbc.connection.init.DatabasePopulator' (OnClassCondition)

   R2dbcProxyAutoConfiguration:
      Did not match:
         - @ConditionalOnClass did not find required class 'io.r2dbc.proxy.ProxyConnectionFactory' (OnClassCondition)

   R2dbcRepositoriesAutoConfiguration:
      Did not match:
         - @ConditionalOnClass did not find required class 'io.r2dbc.spi.ConnectionFactory' (OnClassCondition)

   R2dbcTransactionManagerAutoConfiguration:
      Did not match:
         - @ConditionalOnClass did not find required class 'org.springframework.r2dbc.connection.R2dbcTransactionManager' (OnClassCondition)

   RSocketGraphQlClientAutoConfiguration:
      Did not match:
         - @ConditionalOnClass did not find required class 'graphql.GraphQL' (OnClassCondition)

   RSocketMessagingAutoConfiguration:
      Did not match:
         - @ConditionalOnClass did not find required class 'io.rsocket.RSocket' (OnClassCondition)

   RSocketRequesterAutoConfiguration:
      Did not match:
         - @ConditionalOnClass did not find required class 'io.rsocket.RSocket' (OnClassCondition)

   RSocketSecurityAutoConfiguration:
      Did not match:
         - @ConditionalOnClass did not find required class 'org.springframework.security.rsocket.core.SecuritySocketAcceptorInterceptor' (OnClassCondition)

   RSocketServerAutoConfiguration:
      Did not match:
         - @ConditionalOnClass did not find required class 'io.rsocket.core.RSocketServer' (OnClassCondition)

   RSocketStrategiesAutoConfiguration:
      Did not match:
         - @ConditionalOnClass did not find required class 'io.netty.buffer.PooledByteBufAllocator' (OnClassCondition)

   RabbitAutoConfiguration:
      Did not match:
         - @ConditionalOnClass did not find required class 'com.rabbitmq.client.Channel' (OnClassCondition)

   ReactiveElasticsearchClientAutoConfiguration:
      Did not match:
         - @ConditionalOnClass did not find required class 'co.elastic.clients.transport.ElasticsearchTransport' (OnClassCondition)

   ReactiveElasticsearchRepositoriesAutoConfiguration:
      Did not match:
         - @ConditionalOnClass did not find required class 'reactor.core.publisher.Mono' (OnClassCondition)

   ReactiveMultipartAutoConfiguration:
      Did not match:
         - @ConditionalOnClass did not find required class 'org.springframework.web.reactive.config.WebFluxConfigurer' (OnClassCondition)

   ReactiveOAuth2ClientAutoConfiguration:
      Did not match:
         - @ConditionalOnClass did not find required class 'reactor.core.publisher.Flux' (OnClassCondition)

   ReactiveOAuth2ResourceServerAutoConfiguration:
      Did not match:
         - @ConditionalOnWebApplication did not find reactive web application classes (OnWebApplicationCondition)

   ReactiveSecurityAutoConfiguration:
      Did not match:
         - @ConditionalOnClass did not find required class 'reactor.core.publisher.Flux' (OnClassCondition)

   ReactiveUserDetailsServiceAutoConfiguration:
      Did not match:
         - AnyNestedCondition 0 matched 2 did not; NestedCondition on ReactiveUserDetailsServiceAutoConfiguration.RSocketEnabledOrReactiveWebApplication.ReactiveWebApplicationCondition did not find reactive web application classes; NestedCondition on ReactiveUserDetailsServiceAutoConfiguration.RSocketEnabledOrReactiveWebApplication.RSocketSecurityEnabledCondition @ConditionalOnBean (types: org.springframework.messaging.rsocket.annotation.support.RSocketMessageHandler; SearchStrategy: all) did not find any beans of type org.springframework.messaging.rsocket.annotation.support.RSocketMessageHandler (ReactiveUserDetailsServiceAutoConfiguration.RSocketEnabledOrReactiveWebApplication)
      Matched:
         - @ConditionalOnClass found required class 'org.springframework.security.authentication.ReactiveAuthenticationManager' (OnClassCondition)
         - AnyNestedCondition 1 matched 2 did not; NestedCondition on ReactiveUserDetailsServiceAutoConfiguration.MissingAlternativeOrUserPropertiesConfigured.PasswordConfigured @ConditionalOnProperty (spring.security.user.password) did not find property 'password'; NestedCondition on ReactiveUserDetailsServiceAutoConfiguration.MissingAlternativeOrUserPropertiesConfigured.NameConfigured @ConditionalOnProperty (spring.security.user.name) did not find property 'name'; NestedCondition on ReactiveUserDetailsServiceAutoConfiguration.MissingAlternativeOrUserPropertiesConfigured.MissingAlternative @ConditionalOnMissingClass did not find unwanted classes 'org.springframework.security.oauth2.client.registration.ClientRegistrationRepository', 'org.springframework.security.oauth2.server.resource.introspection.ReactiveOpaqueTokenIntrospector' (ReactiveUserDetailsServiceAutoConfiguration.MissingAlternativeOrUserPropertiesConfigured)

   ReactiveWebServerFactoryAutoConfiguration:
      Did not match:
         - @ConditionalOnWebApplication did not find reactive web application classes (OnWebApplicationCondition)

   ReactorAutoConfiguration:
      Did not match:
         - @ConditionalOnClass did not find required class 'reactor.core.publisher.Hooks' (OnClassCondition)

   RedisAutoConfiguration:
      Did not match:
         - @ConditionalOnClass did not find required class 'org.springframework.data.redis.core.RedisOperations' (OnClassCondition)

   RedisCacheConfiguration:
      Did not match:
         - @ConditionalOnClass did not find required class 'org.springframework.data.redis.connection.RedisConnectionFactory' (OnClassCondition)

   RedisReactiveAutoConfiguration:
      Did not match:
         - @ConditionalOnClass did not find required class 'reactor.core.publisher.Flux' (OnClassCondition)

   RedisRepositoriesAutoConfiguration:
      Did not match:
         - @ConditionalOnClass did not find required class 'org.springframework.data.redis.repository.configuration.EnableRedisRepositories' (OnClassCondition)

   RemoteDevToolsAutoConfiguration:
      Did not match:
         - @ConditionalOnProperty (spring.devtools.remote.secret) did not find property 'secret' (OnPropertyCondition)
      Matched:
         - @ConditionalOnClass found required classes 'jakarta.servlet.Filter', 'org.springframework.http.server.ServerHttpRequest' (OnClassCondition)

   RepositoryRestMvcAutoConfiguration:
      Did not match:
         - @ConditionalOnClass did not find required class 'org.springframework.data.rest.webmvc.config.RepositoryRestMvcConfiguration' (OnClassCondition)

   Saml2RelyingPartyAutoConfiguration:
      Did not match:
         - @ConditionalOnClass did not find required class 'org.springframework.security.saml2.provider.service.registration.RelyingPartyRegistrationRepository' (OnClassCondition)

   SecurityDataConfiguration:
      Did not match:
         - @ConditionalOnClass did not find required class 'org.springframework.security.data.repository.query.SecurityEvaluationContextExtension' (OnClassCondition)

   SendGridAutoConfiguration:
      Did not match:
         - @ConditionalOnClass did not find required class 'com.sendgrid.SendGrid' (OnClassCondition)

   ServletWebServerFactoryAutoConfiguration.ForwardedHeaderFilterConfiguration:
      Did not match:
         - @ConditionalOnProperty (server.forward-headers-strategy=framework) did not find property 'server.forward-headers-strategy' (OnPropertyCondition)

   ServletWebServerFactoryConfiguration.EmbeddedJetty:
      Did not match:
         - @ConditionalOnClass did not find required classes 'org.eclipse.jetty.server.Server', 'org.eclipse.jetty.util.Loader', 'org.eclipse.jetty.ee10.webapp.WebAppContext' (OnClassCondition)

   ServletWebServerFactoryConfiguration.EmbeddedUndertow:
      Did not match:
         - @ConditionalOnClass did not find required classes 'io.undertow.Undertow', 'org.xnio.SslClientAuthMode' (OnClassCondition)

   SessionAutoConfiguration:
      Did not match:
         - @ConditionalOnClass did not find required class 'org.springframework.session.Session' (OnClassCondition)

   SpringBootWebSecurityConfiguration.SecurityFilterChainConfiguration:
      Did not match:
         - AllNestedConditions 1 matched 1 did not; NestedCondition on DefaultWebSecurityCondition.Beans @ConditionalOnMissingBean (types: org.springframework.security.web.SecurityFilterChain; SearchStrategy: all) found beans of type 'org.springframework.security.web.SecurityFilterChain' securityFilterChain; NestedCondition on DefaultWebSecurityCondition.Classes @ConditionalOnClass found required classes 'org.springframework.security.web.SecurityFilterChain', 'org.springframework.security.config.annotation.web.builders.HttpSecurity' (DefaultWebSecurityCondition)

   SpringBootWebSecurityConfiguration.WebSecurityEnablerConfiguration:
      Did not match:
         - @ConditionalOnMissingBean (names: springSecurityFilterChain; SearchStrategy: all) found beans named springSecurityFilterChain (OnBeanCondition)
      Matched:
         - @ConditionalOnClass found required class 'org.springframework.security.config.annotation.web.configuration.EnableWebSecurity' (OnClassCondition)

   TaskExecutorConfigurations.SimpleAsyncTaskExecutorBuilderConfiguration#simpleAsyncTaskExecutorBuilderVirtualThreads:
      Did not match:
         - @ConditionalOnMissingBean (types: org.springframework.boot.task.SimpleAsyncTaskExecutorBuilder; SearchStrategy: all) found beans of type 'org.springframework.boot.task.SimpleAsyncTaskExecutorBuilder' simpleAsyncTaskExecutorBuilder (OnBeanCondition)

   TaskExecutorConfigurations.TaskExecutorConfiguration#applicationTaskExecutorVirtualThreads:
      Did not match:
         - @ConditionalOnThreading did not find VIRTUAL (OnThreadingCondition)

   TaskSchedulingAutoConfiguration#scheduledBeanLazyInitializationExcludeFilter:
      Did not match:
         - @ConditionalOnBean (names: org.springframework.context.annotation.internalScheduledAnnotationProcessor; SearchStrategy: all) did not find any beans named org.springframework.context.annotation.internalScheduledAnnotationProcessor (OnBeanCondition)

   TaskSchedulingConfigurations.SimpleAsyncTaskSchedulerBuilderConfiguration#simpleAsyncTaskSchedulerBuilderVirtualThreads:
      Did not match:
         - @ConditionalOnMissingBean (types: org.springframework.boot.task.SimpleAsyncTaskSchedulerBuilder; SearchStrategy: all) found beans of type 'org.springframework.boot.task.SimpleAsyncTaskSchedulerBuilder' simpleAsyncTaskSchedulerBuilder (OnBeanCondition)

   TaskSchedulingConfigurations.TaskSchedulerConfiguration:
      Did not match:
         - @ConditionalOnBean (names: org.springframework.context.annotation.internalScheduledAnnotationProcessor; SearchStrategy: all) did not find any beans named org.springframework.context.annotation.internalScheduledAnnotationProcessor (OnBeanCondition)

   TemplateEngineConfigurations.ReactiveTemplateEngineConfiguration:
      Did not match:
         - did not find reactive web application classes (OnWebApplicationCondition)

   ThymeleafAutoConfiguration.DataAttributeDialectConfiguration:
      Did not match:
         - @ConditionalOnClass did not find required class 'com.github.mxab.thymeleaf.extras.dataattribute.dialect.DataAttributeDialect' (OnClassCondition)

   ThymeleafAutoConfiguration.ThymeleafWebFluxConfiguration:
      Did not match:
         - did not find reactive web application classes (OnWebApplicationCondition)

   ThymeleafAutoConfiguration.ThymeleafWebLayoutConfiguration:
      Did not match:
         - @ConditionalOnClass did not find required class 'nz.net.ultraq.thymeleaf.layoutdialect.LayoutDialect' (OnClassCondition)

   ThymeleafAutoConfiguration.ThymeleafWebMvcConfiguration#resourceUrlEncodingFilter:
      Did not match:
         - @ConditionalOnEnabledResourceChain did not find class org.webjars.WebJarVersionLocator (OnEnabledResourceChainCondition)

   TransactionAutoConfiguration#transactionalOperator:
      Did not match:
         - @ConditionalOnSingleCandidate (types: org.springframework.transaction.ReactiveTransactionManager; SearchStrategy: all) did not find any beans (OnBeanCondition)

   TransactionAutoConfiguration.AspectJTransactionManagementConfiguration:
      Did not match:
         - @ConditionalOnBean (types: org.springframework.transaction.aspectj.AbstractTransactionAspect; SearchStrategy: all) did not find any beans of type org.springframework.transaction.aspectj.AbstractTransactionAspect (OnBeanCondition)

   TransactionAutoConfiguration.EnableTransactionManagementConfiguration.JdkDynamicAutoProxyConfiguration:
      Did not match:
         - @ConditionalOnProperty (spring.aop.proxy-target-class=false) did not find property 'proxy-target-class' (OnPropertyCondition)

   UserDetailsServiceAutoConfiguration:
      Did not match:
         - @ConditionalOnMissingBean (types: org.springframework.security.authentication.AuthenticationManager,org.springframework.security.authentication.AuthenticationProvider,org.springframework.security.core.userdetails.UserDetailsService,org.springframework.security.authentication.AuthenticationManagerResolver,org.springframework.security.oauth2.jwt.JwtDecoder; SearchStrategy: all) found beans of type 'org.springframework.security.core.userdetails.UserDetailsService' userDetailsServiceImpl (OnBeanCondition)
      Matched:
         - @ConditionalOnClass found required class 'org.springframework.security.authentication.AuthenticationManager' (OnClassCondition)
         - found 'session' scope (OnWebApplicationCondition)
         - AnyNestedCondition 1 matched 2 did not; NestedCondition on UserDetailsServiceAutoConfiguration.MissingAlternativeOrUserPropertiesConfigured.PasswordConfigured @ConditionalOnProperty (spring.security.user.password) did not find property 'password'; NestedCondition on UserDetailsServiceAutoConfiguration.MissingAlternativeOrUserPropertiesConfigured.NameConfigured @ConditionalOnProperty (spring.security.user.name) did not find property 'name'; NestedCondition on UserDetailsServiceAutoConfiguration.MissingAlternativeOrUserPropertiesConfigured.MissingAlternative @ConditionalOnMissingClass did not find unwanted classes 'org.springframework.security.oauth2.client.registration.ClientRegistrationRepository', 'org.springframework.security.oauth2.server.resource.introspection.OpaqueTokenIntrospector', 'org.springframework.security.saml2.provider.service.registration.RelyingPartyRegistrationRepository' (UserDetailsServiceAutoConfiguration.MissingAlternativeOrUserPropertiesConfigured)

   WebClientAutoConfiguration:
      Did not match:
         - @ConditionalOnClass did not find required class 'org.springframework.web.reactive.function.client.WebClient' (OnClassCondition)

   WebFluxAutoConfiguration:
      Did not match:
         - @ConditionalOnClass did not find required class 'org.springframework.web.reactive.config.WebFluxConfigurer' (OnClassCondition)

   WebMvcAutoConfiguration#hiddenHttpMethodFilter:
      Did not match:
         - @ConditionalOnProperty (spring.mvc.hiddenmethod.filter.enabled) did not find property 'enabled' (OnPropertyCondition)

   WebMvcAutoConfiguration.ProblemDetailsErrorHandlingConfiguration:
      Did not match:
         - @ConditionalOnProperty (spring.mvc.problemdetails.enabled=true) did not find property 'enabled' (OnPropertyCondition)

   WebMvcAutoConfiguration.ResourceChainCustomizerConfiguration:
      Did not match:
         - @ConditionalOnEnabledResourceChain did not find class org.webjars.WebJarVersionLocator (OnEnabledResourceChainCondition)

   WebMvcAutoConfiguration.WebMvcAutoConfigurationAdapter#beanNameViewResolver:
      Did not match:
         - @ConditionalOnMissingBean (types: org.springframework.web.servlet.view.BeanNameViewResolver; SearchStrategy: all) found beans of type 'org.springframework.web.servlet.view.BeanNameViewResolver' beanNameViewResolver (OnBeanCondition)

   WebServiceTemplateAutoConfiguration:
      Did not match:
         - @ConditionalOnClass did not find required class 'org.springframework.oxm.Marshaller' (OnClassCondition)

   WebServicesAutoConfiguration:
      Did not match:
         - @ConditionalOnClass did not find required class 'org.springframework.ws.transport.http.MessageDispatcherServlet' (OnClassCondition)

   WebSessionIdResolverAutoConfiguration:
      Did not match:
         - @ConditionalOnClass did not find required class 'reactor.core.publisher.Mono' (OnClassCondition)

   WebSocketMessagingAutoConfiguration:
      Did not match:
         - @ConditionalOnClass did not find required class 'org.springframework.web.socket.config.annotation.WebSocketMessageBrokerConfigurer' (OnClassCondition)

   WebSocketReactiveAutoConfiguration:
      Did not match:
         - @ConditionalOnWebApplication did not find reactive web application classes (OnWebApplicationCondition)

   WebSocketServletAutoConfiguration.JettyWebSocketConfiguration:
      Did not match:
         - @ConditionalOnClass did not find required class 'org.eclipse.jetty.ee10.websocket.jakarta.server.config.JakartaWebSocketServletContainerInitializer' (OnClassCondition)

   WebSocketServletAutoConfiguration.UndertowWebSocketConfiguration:
      Did not match:
         - @ConditionalOnClass did not find required class 'io.undertow.websockets.jsr.Bootstrap' (OnClassCondition)

   XADataSourceAutoConfiguration:
      Did not match:
         - @ConditionalOnBean (types: org.springframework.boot.jdbc.XADataSourceWrapper; SearchStrategy: all) did not find any beans of type org.springframework.boot.jdbc.XADataSourceWrapper (OnBeanCondition)
      Matched:
         - @ConditionalOnClass found required classes 'javax.sql.DataSource', 'jakarta.transaction.TransactionManager', 'org.springframework.jdbc.datasource.embedded.EmbeddedDatabaseType' (OnClassCondition)


Exclusions:
-----------

    None


Unconditional classes:
----------------------

    org.springframework.boot.autoconfigure.context.ConfigurationPropertiesAutoConfiguration

    org.springframework.boot.autoconfigure.ssl.SslAutoConfiguration

    org.springframework.boot.autoconfigure.context.PropertyPlaceholderAutoConfiguration

    org.springframework.boot.autoconfigure.context.LifecycleAutoConfiguration

    org.springframework.boot.autoconfigure.availability.ApplicationAvailabilityAutoConfiguration

    org.springframework.boot.autoconfigure.info.ProjectInfoAutoConfiguration



[2m2025-03-04T15:08:44.011+09:00[0;39m [32m INFO[0;39m [35m14904[0;39m [2m--- [samuraitravel] [  restartedMain] [0;39m[36mc.e.s.SamuraitravelApplication          [0;39m [2m:[0;39m Started SamuraitravelApplication in 7.677 seconds (process running for 8.931)
[2m2025-03-04T15:08:44.013+09:00[0;39m [32mDEBUG[0;39m [35m14904[0;39m [2m--- [samuraitravel] [  restartedMain] [0;39m[36mo.s.b.a.ApplicationAvailabilityBean     [0;39m [2m:[0;39m Application availability state LivenessState changed to CORRECT
[2m2025-03-04T15:08:44.017+09:00[0;39m [32mDEBUG[0;39m [35m14904[0;39m [2m--- [samuraitravel] [  restartedMain] [0;39m[36mo.s.boot.devtools.restart.Restarter     [0;39m [2m:[0;39m Creating new Restarter for thread Thread[main,5,main]
[2m2025-03-04T15:08:44.017+09:00[0;39m [32mDEBUG[0;39m [35m14904[0;39m [2m--- [samuraitravel] [  restartedMain] [0;39m[36mo.s.boot.devtools.restart.Restarter     [0;39m [2m:[0;39m Immediately restarting application
[2m2025-03-04T15:08:44.017+09:00[0;39m [32mDEBUG[0;39m [35m14904[0;39m [2m--- [samuraitravel] [  restartedMain] [0;39m[36mo.s.boot.devtools.restart.Restarter     [0;39m [2m:[0;39m Starting application com.example.samuraitravel.SamuraitravelApplication with URLs [file:/C:/workspease/samuraitravel/target/classes/]
[2m2025-03-04T15:08:44.018+09:00[0;39m [32mDEBUG[0;39m [35m14904[0;39m [2m--- [samuraitravel] [  restartedMain] [0;39m[36mo.s.b.a.ApplicationAvailabilityBean     [0;39m [2m:[0;39m Application availability state ReadinessState changed to ACCEPTING_TRAFFIC
[2m2025-03-04T15:08:58.798+09:00[0;39m [32m INFO[0;39m [35m14904[0;39m [2m--- [samuraitravel] [nio-8080-exec-1] [0;39m[36mo.a.c.c.C.[Tomcat].[localhost].[/]      [0;39m [2m:[0;39m Initializing Spring DispatcherServlet 'dispatcherServlet'
[2m2025-03-04T15:08:58.798+09:00[0;39m [32m INFO[0;39m [35m14904[0;39m [2m--- [samuraitravel] [nio-8080-exec-1] [0;39m[36mo.s.web.servlet.DispatcherServlet       [0;39m [2m:[0;39m Initializing Servlet 'dispatcherServlet'
[2m2025-03-04T15:08:58.798+09:00[0;39m [32mDEBUG[0;39m [35m14904[0;39m [2m--- [samuraitravel] [nio-8080-exec-1] [0;39m[36mo.s.web.servlet.DispatcherServlet       [0;39m [2m:[0;39m Detected StandardServletMultipartResolver
[2m2025-03-04T15:08:58.798+09:00[0;39m [32mDEBUG[0;39m [35m14904[0;39m [2m--- [samuraitravel] [nio-8080-exec-1] [0;39m[36mo.s.web.servlet.DispatcherServlet       [0;39m [2m:[0;39m Detected AcceptHeaderLocaleResolver
[2m2025-03-04T15:08:58.798+09:00[0;39m [32mDEBUG[0;39m [35m14904[0;39m [2m--- [samuraitravel] [nio-8080-exec-1] [0;39m[36mo.s.web.servlet.DispatcherServlet       [0;39m [2m:[0;39m Detected FixedThemeResolver
[2m2025-03-04T15:08:58.802+09:00[0;39m [32mDEBUG[0;39m [35m14904[0;39m [2m--- [samuraitravel] [nio-8080-exec-1] [0;39m[36mo.s.web.servlet.DispatcherServlet       [0;39m [2m:[0;39m Detected org.springframework.web.servlet.view.DefaultRequestToViewNameTranslator@426eb4eb
[2m2025-03-04T15:08:58.802+09:00[0;39m [32mDEBUG[0;39m [35m14904[0;39m [2m--- [samuraitravel] [nio-8080-exec-1] [0;39m[36mo.s.web.servlet.DispatcherServlet       [0;39m [2m:[0;39m Detected org.springframework.web.servlet.support.SessionFlashMapManager@a026115
[2m2025-03-04T15:08:58.802+09:00[0;39m [32mDEBUG[0;39m [35m14904[0;39m [2m--- [samuraitravel] [nio-8080-exec-1] [0;39m[36mo.s.web.servlet.DispatcherServlet       [0;39m [2m:[0;39m enableLoggingRequestDetails='false': request parameters and headers will be masked to prevent unsafe logging of potentially sensitive data
[2m2025-03-04T15:08:58.802+09:00[0;39m [32m INFO[0;39m [35m14904[0;39m [2m--- [samuraitravel] [nio-8080-exec-1] [0;39m[36mo.s.web.servlet.DispatcherServlet       [0;39m [2m:[0;39m Completed initialization in 4 ms
[2m2025-03-04T15:08:58.833+09:00[0;39m [32mDEBUG[0;39m [35m14904[0;39m [2m--- [samuraitravel] [nio-8080-exec-1] [0;39m[36mo.s.web.servlet.DispatcherServlet       [0;39m [2m:[0;39m GET "/", parameters={}
[2m2025-03-04T15:08:58.833+09:00[0;39m [32mDEBUG[0;39m [35m14904[0;39m [2m--- [samuraitravel] [nio-8080-exec-1] [0;39m[36ms.w.s.m.m.a.RequestMappingHandlerMapping[0;39m [2m:[0;39m Mapped to com.example.samuraitravel.controller.HomeController#index(Model)
[2m2025-03-04T15:08:59.062+09:00[0;39m [32mDEBUG[0;39m [35m14904[0;39m [2m--- [samuraitravel] [nio-8080-exec-1] [0;39m[36morg.hibernate.SQL                       [0;39m [2m:[0;39m select h1_0.id,h1_0.address,h1_0.capacity,h1_0.created_at,h1_0.description,h1_0.image_name,h1_0.name,h1_0.phone_number,h1_0.postal_code,h1_0.price,h1_0.updated_at from houses h1_0 order by h1_0.created_at desc limit ?
[2m2025-03-04T15:08:59.141+09:00[0;39m [32mDEBUG[0;39m [35m14904[0;39m [2m--- [samuraitravel] [nio-8080-exec-1] [0;39m[36mo.s.w.s.v.ContentNegotiatingViewResolver[0;39m [2m:[0;39m Selected 'text/html' given [text/html, application/xhtml+xml, image/avif, image/webp, image/apng, application/xml;q=0.9, */*;q=0.8, application/signed-exchange;v=b3;q=0.7]
[2m2025-03-04T15:08:59.639+09:00[0;39m [32mDEBUG[0;39m [35m14904[0;39m [2m--- [samuraitravel] [nio-8080-exec-5] [0;39m[36mo.s.web.servlet.DispatcherServlet       [0;39m [2m:[0;39m GET "/storage/house03.jpg", parameters={}
[2m2025-03-04T15:08:59.639+09:00[0;39m [32mDEBUG[0;39m [35m14904[0;39m [2m--- [samuraitravel] [nio-8080-exec-6] [0;39m[36mo.s.web.servlet.DispatcherServlet       [0;39m [2m:[0;39m GET "/storage/house04.jpg", parameters={}
[2m2025-03-04T15:08:59.639+09:00[0;39m [32mDEBUG[0;39m [35m14904[0;39m [2m--- [samuraitravel] [nio-8080-exec-1] [0;39m[36mo.s.web.servlet.DispatcherServlet       [0;39m [2m:[0;39m Completed 200 OK
[2m2025-03-04T15:08:59.640+09:00[0;39m [32mDEBUG[0;39m [35m14904[0;39m [2m--- [samuraitravel] [nio-8080-exec-4] [0;39m[36mo.s.web.servlet.DispatcherServlet       [0;39m [2m:[0;39m GET "/storage/house02.jpg", parameters={}
[2m2025-03-04T15:08:59.640+09:00[0;39m [32mDEBUG[0;39m [35m14904[0;39m [2m--- [samuraitravel] [nio-8080-exec-3] [0;39m[36mo.s.web.servlet.DispatcherServlet       [0;39m [2m:[0;39m GET "/images/logo.png", parameters={}
[2m2025-03-04T15:08:59.640+09:00[0;39m [32mDEBUG[0;39m [35m14904[0;39m [2m--- [samuraitravel] [nio-8080-exec-2] [0;39m[36mo.s.web.servlet.DispatcherServlet       [0;39m [2m:[0;39m GET "/css/style.css", parameters={}
[2m2025-03-04T15:08:59.642+09:00[0;39m [32mDEBUG[0;39m [35m14904[0;39m [2m--- [samuraitravel] [nio-8080-exec-6] [0;39m[36mo.s.w.s.handler.SimpleUrlHandlerMapping [0;39m [2m:[0;39m Mapped to ResourceHttpRequestHandler [classpath [META-INF/resources/], classpath [resources/], classpath [static/], classpath [public/], ServletContext [/]]
[2m2025-03-04T15:08:59.642+09:00[0;39m [32mDEBUG[0;39m [35m14904[0;39m [2m--- [samuraitravel] [nio-8080-exec-2] [0;39m[36mo.s.w.s.handler.SimpleUrlHandlerMapping [0;39m [2m:[0;39m Mapped to ResourceHttpRequestHandler [classpath [META-INF/resources/], classpath [resources/], classpath [static/], classpath [public/], ServletContext [/]]
[2m2025-03-04T15:08:59.642+09:00[0;39m [32mDEBUG[0;39m [35m14904[0;39m [2m--- [samuraitravel] [nio-8080-exec-5] [0;39m[36mo.s.w.s.handler.SimpleUrlHandlerMapping [0;39m [2m:[0;39m Mapped to ResourceHttpRequestHandler [classpath [META-INF/resources/], classpath [resources/], classpath [static/], classpath [public/], ServletContext [/]]
[2m2025-03-04T15:08:59.642+09:00[0;39m [32mDEBUG[0;39m [35m14904[0;39m [2m--- [samuraitravel] [nio-8080-exec-4] [0;39m[36mo.s.w.s.handler.SimpleUrlHandlerMapping [0;39m [2m:[0;39m Mapped to ResourceHttpRequestHandler [classpath [META-INF/resources/], classpath [resources/], classpath [static/], classpath [public/], ServletContext [/]]
[2m2025-03-04T15:08:59.642+09:00[0;39m [32mDEBUG[0;39m [35m14904[0;39m [2m--- [samuraitravel] [nio-8080-exec-3] [0;39m[36mo.s.w.s.handler.SimpleUrlHandlerMapping [0;39m [2m:[0;39m Mapped to ResourceHttpRequestHandler [classpath [META-INF/resources/], classpath [resources/], classpath [static/], classpath [public/], ServletContext [/]]
[2m2025-03-04T15:08:59.648+09:00[0;39m [32mDEBUG[0;39m [35m14904[0;39m [2m--- [samuraitravel] [nio-8080-exec-1] [0;39m[36mo.s.web.servlet.DispatcherServlet       [0;39m [2m:[0;39m GET "/storage/house05.jpg", parameters={}
[2m2025-03-04T15:08:59.648+09:00[0;39m [32mDEBUG[0;39m [35m14904[0;39m [2m--- [samuraitravel] [nio-8080-exec-1] [0;39m[36mo.s.w.s.handler.SimpleUrlHandlerMapping [0;39m [2m:[0;39m Mapped to ResourceHttpRequestHandler [classpath [META-INF/resources/], classpath [resources/], classpath [static/], classpath [public/], ServletContext [/]]
[2m2025-03-04T15:08:59.660+09:00[0;39m [32mDEBUG[0;39m [35m14904[0;39m [2m--- [samuraitravel] [nio-8080-exec-2] [0;39m[36mo.s.web.servlet.DispatcherServlet       [0;39m [2m:[0;39m Completed 200 OK
[2m2025-03-04T15:08:59.660+09:00[0;39m [32mDEBUG[0;39m [35m14904[0;39m [2m--- [samuraitravel] [nio-8080-exec-3] [0;39m[36mo.s.web.servlet.DispatcherServlet       [0;39m [2m:[0;39m Completed 200 OK
[2m2025-03-04T15:08:59.676+09:00[0;39m [32mDEBUG[0;39m [35m14904[0;39m [2m--- [samuraitravel] [nio-8080-exec-8] [0;39m[36mo.s.web.servlet.DispatcherServlet       [0;39m [2m:[0;39m GET "/storage/house07.jpg", parameters={}
[2m2025-03-04T15:08:59.679+09:00[0;39m [32mDEBUG[0;39m [35m14904[0;39m [2m--- [samuraitravel] [nio-8080-exec-6] [0;39m[36mo.s.web.servlet.DispatcherServlet       [0;39m [2m:[0;39m Completed 200 OK
[2m2025-03-04T15:08:59.676+09:00[0;39m [32mDEBUG[0;39m [35m14904[0;39m [2m--- [samuraitravel] [nio-8080-exec-7] [0;39m[36mo.s.web.servlet.DispatcherServlet       [0;39m [2m:[0;39m GET "/storage/house06.jpg", parameters={}
[2m2025-03-04T15:08:59.682+09:00[0;39m [32mDEBUG[0;39m [35m14904[0;39m [2m--- [samuraitravel] [nio-8080-exec-8] [0;39m[36mo.s.w.s.handler.SimpleUrlHandlerMapping [0;39m [2m:[0;39m Mapped to ResourceHttpRequestHandler [classpath [META-INF/resources/], classpath [resources/], classpath [static/], classpath [public/], ServletContext [/]]
[2m2025-03-04T15:08:59.682+09:00[0;39m [32mDEBUG[0;39m [35m14904[0;39m [2m--- [samuraitravel] [nio-8080-exec-7] [0;39m[36mo.s.w.s.handler.SimpleUrlHandlerMapping [0;39m [2m:[0;39m Mapped to ResourceHttpRequestHandler [classpath [META-INF/resources/], classpath [resources/], classpath [static/], classpath [public/], ServletContext [/]]
[2m2025-03-04T15:08:59.687+09:00[0;39m [32mDEBUG[0;39m [35m14904[0;39m [2m--- [samuraitravel] [nio-8080-exec-5] [0;39m[36mo.s.web.servlet.DispatcherServlet       [0;39m [2m:[0;39m Completed 200 OK
[2m2025-03-04T15:08:59.687+09:00[0;39m [32mDEBUG[0;39m [35m14904[0;39m [2m--- [samuraitravel] [nio-8080-exec-4] [0;39m[36mo.s.web.servlet.DispatcherServlet       [0;39m [2m:[0;39m Completed 200 OK
[2m2025-03-04T15:08:59.688+09:00[0;39m [32mDEBUG[0;39m [35m14904[0;39m [2m--- [samuraitravel] [io-8080-exec-10] [0;39m[36mo.s.web.servlet.DispatcherServlet       [0;39m [2m:[0;39m GET "/storage/house08.jpg", parameters={}
[2m2025-03-04T15:08:59.689+09:00[0;39m [32mDEBUG[0;39m [35m14904[0;39m [2m--- [samuraitravel] [io-8080-exec-10] [0;39m[36mo.s.w.s.handler.SimpleUrlHandlerMapping [0;39m [2m:[0;39m Mapped to ResourceHttpRequestHandler [classpath [META-INF/resources/], classpath [resources/], classpath [static/], classpath [public/], ServletContext [/]]
[2m2025-03-04T15:08:59.698+09:00[0;39m [32mDEBUG[0;39m [35m14904[0;39m [2m--- [samuraitravel] [nio-8080-exec-9] [0;39m[36mo.s.web.servlet.DispatcherServlet       [0;39m [2m:[0;39m GET "/storage/house09.jpg", parameters={}
[2m2025-03-04T15:08:59.699+09:00[0;39m [32mDEBUG[0;39m [35m14904[0;39m [2m--- [samuraitravel] [nio-8080-exec-1] [0;39m[36mo.s.web.servlet.DispatcherServlet       [0;39m [2m:[0;39m Completed 200 OK
[2m2025-03-04T15:08:59.701+09:00[0;39m [32mDEBUG[0;39m [35m14904[0;39m [2m--- [samuraitravel] [nio-8080-exec-9] [0;39m[36mo.s.w.s.handler.SimpleUrlHandlerMapping [0;39m [2m:[0;39m Mapped to ResourceHttpRequestHandler [classpath [META-INF/resources/], classpath [resources/], classpath [static/], classpath [public/], ServletContext [/]]
[2m2025-03-04T15:08:59.702+09:00[0;39m [32mDEBUG[0;39m [35m14904[0;39m [2m--- [samuraitravel] [nio-8080-exec-3] [0;39m[36mo.s.web.servlet.DispatcherServlet       [0;39m [2m:[0;39m GET "/storage/house10.jpg", parameters={}
[2m2025-03-04T15:08:59.704+09:00[0;39m [32mDEBUG[0;39m [35m14904[0;39m [2m--- [samuraitravel] [nio-8080-exec-7] [0;39m[36mo.s.web.servlet.DispatcherServlet       [0;39m [2m:[0;39m Completed 200 OK
[2m2025-03-04T15:08:59.705+09:00[0;39m [32mDEBUG[0;39m [35m14904[0;39m [2m--- [samuraitravel] [nio-8080-exec-3] [0;39m[36mo.s.w.s.handler.SimpleUrlHandlerMapping [0;39m [2m:[0;39m Mapped to ResourceHttpRequestHandler [classpath [META-INF/resources/], classpath [resources/], classpath [static/], classpath [public/], ServletContext [/]]
[2m2025-03-04T15:08:59.711+09:00[0;39m [32mDEBUG[0;39m [35m14904[0;39m [2m--- [samuraitravel] [nio-8080-exec-8] [0;39m[36mo.s.web.servlet.DispatcherServlet       [0;39m [2m:[0;39m Completed 200 OK
[2m2025-03-04T15:08:59.719+09:00[0;39m [32mDEBUG[0;39m [35m14904[0;39m [2m--- [samuraitravel] [io-8080-exec-10] [0;39m[36mo.s.web.servlet.DispatcherServlet       [0;39m [2m:[0;39m Completed 200 OK
[2m2025-03-04T15:08:59.721+09:00[0;39m [32mDEBUG[0;39m [35m14904[0;39m [2m--- [samuraitravel] [nio-8080-exec-3] [0;39m[36mo.s.web.servlet.DispatcherServlet       [0;39m [2m:[0;39m Completed 200 OK
[2m2025-03-04T15:08:59.731+09:00[0;39m [32mDEBUG[0;39m [35m14904[0;39m [2m--- [samuraitravel] [nio-8080-exec-9] [0;39m[36mo.s.web.servlet.DispatcherServlet       [0;39m [2m:[0;39m Completed 200 OK
[2m2025-03-04T15:09:02.175+09:00[0;39m [32mDEBUG[0;39m [35m14904[0;39m [2m--- [samuraitravel] [nio-8080-exec-8] [0;39m[36mo.s.web.servlet.DispatcherServlet       [0;39m [2m:[0;39m GET "/login", parameters={}
[2m2025-03-04T15:09:02.175+09:00[0;39m [32mDEBUG[0;39m [35m14904[0;39m [2m--- [samuraitravel] [nio-8080-exec-8] [0;39m[36ms.w.s.m.m.a.RequestMappingHandlerMapping[0;39m [2m:[0;39m Mapped to com.example.samuraitravel.controller.AuthController#login()
[2m2025-03-04T15:09:02.182+09:00[0;39m [32mDEBUG[0;39m [35m14904[0;39m [2m--- [samuraitravel] [nio-8080-exec-8] [0;39m[36mo.s.w.s.v.ContentNegotiatingViewResolver[0;39m [2m:[0;39m Selected 'text/html' given [text/html, application/xhtml+xml, image/avif, image/webp, image/apng, application/xml;q=0.9, */*;q=0.8, application/signed-exchange;v=b3;q=0.7]
[2m2025-03-04T15:09:02.264+09:00[0;39m [32mDEBUG[0;39m [35m14904[0;39m [2m--- [samuraitravel] [nio-8080-exec-8] [0;39m[36mo.s.web.servlet.DispatcherServlet       [0;39m [2m:[0;39m Completed 200 OK
[2m2025-03-04T15:09:02.300+09:00[0;39m [32mDEBUG[0;39m [35m14904[0;39m [2m--- [samuraitravel] [io-8080-exec-10] [0;39m[36mo.s.web.servlet.DispatcherServlet       [0;39m [2m:[0;39m GET "/css/style.css", parameters={}
[2m2025-03-04T15:09:02.301+09:00[0;39m [32mDEBUG[0;39m [35m14904[0;39m [2m--- [samuraitravel] [io-8080-exec-10] [0;39m[36mo.s.w.s.handler.SimpleUrlHandlerMapping [0;39m [2m:[0;39m Mapped to ResourceHttpRequestHandler [classpath [META-INF/resources/], classpath [resources/], classpath [static/], classpath [public/], ServletContext [/]]
[2m2025-03-04T15:09:02.304+09:00[0;39m [32mDEBUG[0;39m [35m14904[0;39m [2m--- [samuraitravel] [io-8080-exec-10] [0;39m[36mo.s.web.servlet.DispatcherServlet       [0;39m [2m:[0;39m Completed 200 OK
[2m2025-03-04T15:09:02.308+09:00[0;39m [32mDEBUG[0;39m [35m14904[0;39m [2m--- [samuraitravel] [nio-8080-exec-3] [0;39m[36mo.s.web.servlet.DispatcherServlet       [0;39m [2m:[0;39m GET "/images/logo.png", parameters={}
[2m2025-03-04T15:09:02.310+09:00[0;39m [32mDEBUG[0;39m [35m14904[0;39m [2m--- [samuraitravel] [nio-8080-exec-3] [0;39m[36mo.s.w.s.handler.SimpleUrlHandlerMapping [0;39m [2m:[0;39m Mapped to ResourceHttpRequestHandler [classpath [META-INF/resources/], classpath [resources/], classpath [static/], classpath [public/], ServletContext [/]]
[2m2025-03-04T15:09:02.315+09:00[0;39m [32mDEBUG[0;39m [35m14904[0;39m [2m--- [samuraitravel] [nio-8080-exec-3] [0;39m[36mo.s.web.servlet.DispatcherServlet       [0;39m [2m:[0;39m Completed 200 OK
[2m2025-03-04T15:09:11.263+09:00[0;39m [32mDEBUG[0;39m [35m14904[0;39m [2m--- [samuraitravel] [nio-8080-exec-9] [0;39m[36morg.hibernate.SQL                       [0;39m [2m:[0;39m select u1_0.id,u1_0.address,u1_0.created_at,u1_0.email,u1_0.enabled,u1_0.furigana,u1_0.name,u1_0.password,u1_0.phone_number,u1_0.postal_code,u1_0.role_id,u1_0.updated_at from users u1_0 where u1_0.email=?
[2m2025-03-04T15:09:11.263+09:00[0;39m [32mDEBUG[0;39m [35m14904[0;39m [2m--- [samuraitravel] [nio-8080-exec-9] [0;39m[36morg.hibernate.SQL                       [0;39m [2m:[0;39m select r1_0.id,r1_0.name from roles r1_0 where r1_0.id=?
[2m2025-03-04T15:09:11.397+09:00[0;39m [32mDEBUG[0;39m [35m14904[0;39m [2m--- [samuraitravel] [nio-8080-exec-2] [0;39m[36mo.s.web.servlet.DispatcherServlet       [0;39m [2m:[0;39m GET "/login?error", parameters={masked}
[2m2025-03-04T15:09:11.397+09:00[0;39m [32mDEBUG[0;39m [35m14904[0;39m [2m--- [samuraitravel] [nio-8080-exec-2] [0;39m[36ms.w.s.m.m.a.RequestMappingHandlerMapping[0;39m [2m:[0;39m Mapped to com.example.samuraitravel.controller.AuthController#login()
[2m2025-03-04T15:09:11.397+09:00[0;39m [32mDEBUG[0;39m [35m14904[0;39m [2m--- [samuraitravel] [nio-8080-exec-2] [0;39m[36mo.s.w.s.v.ContentNegotiatingViewResolver[0;39m [2m:[0;39m Selected 'text/html' given [text/html, application/xhtml+xml, image/avif, image/webp, image/apng, application/xml;q=0.9, */*;q=0.8, application/signed-exchange;v=b3;q=0.7]
[2m2025-03-04T15:09:11.420+09:00[0;39m [32mDEBUG[0;39m [35m14904[0;39m [2m--- [samuraitravel] [nio-8080-exec-2] [0;39m[36mo.s.web.servlet.DispatcherServlet       [0;39m [2m:[0;39m Completed 200 OK
[2m2025-03-04T15:09:11.457+09:00[0;39m [32mDEBUG[0;39m [35m14904[0;39m [2m--- [samuraitravel] [nio-8080-exec-7] [0;39m[36mo.s.web.servlet.DispatcherServlet       [0;39m [2m:[0;39m GET "/css/style.css", parameters={}
[2m2025-03-04T15:09:11.457+09:00[0;39m [32mDEBUG[0;39m [35m14904[0;39m [2m--- [samuraitravel] [nio-8080-exec-6] [0;39m[36mo.s.web.servlet.DispatcherServlet       [0;39m [2m:[0;39m GET "/images/logo.png", parameters={}
[2m2025-03-04T15:09:11.458+09:00[0;39m [32mDEBUG[0;39m [35m14904[0;39m [2m--- [samuraitravel] [nio-8080-exec-7] [0;39m[36mo.s.w.s.handler.SimpleUrlHandlerMapping [0;39m [2m:[0;39m Mapped to ResourceHttpRequestHandler [classpath [META-INF/resources/], classpath [resources/], classpath [static/], classpath [public/], ServletContext [/]]
[2m2025-03-04T15:09:11.458+09:00[0;39m [32mDEBUG[0;39m [35m14904[0;39m [2m--- [samuraitravel] [nio-8080-exec-6] [0;39m[36mo.s.w.s.handler.SimpleUrlHandlerMapping [0;39m [2m:[0;39m Mapped to ResourceHttpRequestHandler [classpath [META-INF/resources/], classpath [resources/], classpath [static/], classpath [public/], ServletContext [/]]
[2m2025-03-04T15:09:11.460+09:00[0;39m [32mDEBUG[0;39m [35m14904[0;39m [2m--- [samuraitravel] [nio-8080-exec-7] [0;39m[36mo.s.web.servlet.DispatcherServlet       [0;39m [2m:[0;39m Completed 200 OK
[2m2025-03-04T15:09:11.462+09:00[0;39m [32mDEBUG[0;39m [35m14904[0;39m [2m--- [samuraitravel] [nio-8080-exec-6] [0;39m[36mo.s.web.servlet.DispatcherServlet       [0;39m [2m:[0;39m Completed 200 OK
[2m2025-03-04T15:09:18.015+09:00[0;39m [32mDEBUG[0;39m [35m14904[0;39m [2m--- [samuraitravel] [nio-8080-exec-1] [0;39m[36morg.hibernate.SQL                       [0;39m [2m:[0;39m select u1_0.id,u1_0.address,u1_0.created_at,u1_0.email,u1_0.enabled,u1_0.furigana,u1_0.name,u1_0.password,u1_0.phone_number,u1_0.postal_code,u1_0.role_id,u1_0.updated_at from users u1_0 where u1_0.email=?
[2m2025-03-04T15:09:18.020+09:00[0;39m [32mDEBUG[0;39m [35m14904[0;39m [2m--- [samuraitravel] [nio-8080-exec-1] [0;39m[36morg.hibernate.SQL                       [0;39m [2m:[0;39m select r1_0.id,r1_0.name from roles r1_0 where r1_0.id=?
[2m2025-03-04T15:09:18.121+09:00[0;39m [32mDEBUG[0;39m [35m14904[0;39m [2m--- [samuraitravel] [nio-8080-exec-8] [0;39m[36mo.s.web.servlet.DispatcherServlet       [0;39m [2m:[0;39m GET "/?loggedIn", parameters={masked}
[2m2025-03-04T15:09:18.121+09:00[0;39m [32mDEBUG[0;39m [35m14904[0;39m [2m--- [samuraitravel] [nio-8080-exec-8] [0;39m[36ms.w.s.m.m.a.RequestMappingHandlerMapping[0;39m [2m:[0;39m Mapped to com.example.samuraitravel.controller.HomeController#index(Model)
[2m2025-03-04T15:09:18.121+09:00[0;39m [32mDEBUG[0;39m [35m14904[0;39m [2m--- [samuraitravel] [nio-8080-exec-8] [0;39m[36morg.hibernate.SQL                       [0;39m [2m:[0;39m select h1_0.id,h1_0.address,h1_0.capacity,h1_0.created_at,h1_0.description,h1_0.image_name,h1_0.name,h1_0.phone_number,h1_0.postal_code,h1_0.price,h1_0.updated_at from houses h1_0 order by h1_0.created_at desc limit ?
[2m2025-03-04T15:09:18.137+09:00[0;39m [32mDEBUG[0;39m [35m14904[0;39m [2m--- [samuraitravel] [nio-8080-exec-8] [0;39m[36mo.s.w.s.v.ContentNegotiatingViewResolver[0;39m [2m:[0;39m Selected 'text/html' given [text/html, application/xhtml+xml, image/avif, image/webp, image/apng, application/xml;q=0.9, */*;q=0.8, application/signed-exchange;v=b3;q=0.7]
[2m2025-03-04T15:09:18.176+09:00[0;39m [32mDEBUG[0;39m [35m14904[0;39m [2m--- [samuraitravel] [nio-8080-exec-8] [0;39m[36mo.s.web.servlet.DispatcherServlet       [0;39m [2m:[0;39m Completed 200 OK
[2m2025-03-04T15:09:18.189+09:00[0;39m [32mDEBUG[0;39m [35m14904[0;39m [2m--- [samuraitravel] [nio-8080-exec-3] [0;39m[36mo.s.web.servlet.DispatcherServlet       [0;39m [2m:[0;39m GET "/images/logo.png", parameters={}
[2m2025-03-04T15:09:18.189+09:00[0;39m [32mDEBUG[0;39m [35m14904[0;39m [2m--- [samuraitravel] [nio-8080-exec-9] [0;39m[36mo.s.web.servlet.DispatcherServlet       [0;39m [2m:[0;39m GET "/storage/house02.jpg", parameters={}
[2m2025-03-04T15:09:18.189+09:00[0;39m [32mDEBUG[0;39m [35m14904[0;39m [2m--- [samuraitravel] [io-8080-exec-10] [0;39m[36mo.s.web.servlet.DispatcherServlet       [0;39m [2m:[0;39m GET "/css/style.css", parameters={}
[2m2025-03-04T15:09:18.189+09:00[0;39m [32mDEBUG[0;39m [35m14904[0;39m [2m--- [samuraitravel] [io-8080-exec-10] [0;39m[36mo.s.w.s.handler.SimpleUrlHandlerMapping [0;39m [2m:[0;39m Mapped to ResourceHttpRequestHandler [classpath [META-INF/resources/], classpath [resources/], classpath [static/], classpath [public/], ServletContext [/]]
[2m2025-03-04T15:09:18.189+09:00[0;39m [32mDEBUG[0;39m [35m14904[0;39m [2m--- [samuraitravel] [nio-8080-exec-3] [0;39m[36mo.s.w.s.handler.SimpleUrlHandlerMapping [0;39m [2m:[0;39m Mapped to ResourceHttpRequestHandler [classpath [META-INF/resources/], classpath [resources/], classpath [static/], classpath [public/], ServletContext [/]]
[2m2025-03-04T15:09:18.189+09:00[0;39m [32mDEBUG[0;39m [35m14904[0;39m [2m--- [samuraitravel] [nio-8080-exec-9] [0;39m[36mo.s.w.s.handler.SimpleUrlHandlerMapping [0;39m [2m:[0;39m Mapped to ResourceHttpRequestHandler [classpath [META-INF/resources/], classpath [resources/], classpath [static/], classpath [public/], ServletContext [/]]
[2m2025-03-04T15:09:18.191+09:00[0;39m [32mDEBUG[0;39m [35m14904[0;39m [2m--- [samuraitravel] [io-8080-exec-10] [0;39m[36mo.s.web.servlet.DispatcherServlet       [0;39m [2m:[0;39m Completed 200 OK
[2m2025-03-04T15:09:18.194+09:00[0;39m [32mDEBUG[0;39m [35m14904[0;39m [2m--- [samuraitravel] [nio-8080-exec-3] [0;39m[36mo.s.web.servlet.DispatcherServlet       [0;39m [2m:[0;39m Completed 200 OK
[2m2025-03-04T15:09:18.200+09:00[0;39m [32mDEBUG[0;39m [35m14904[0;39m [2m--- [samuraitravel] [nio-8080-exec-9] [0;39m[36mo.s.web.servlet.DispatcherServlet       [0;39m [2m:[0;39m Completed 200 OK
[2m2025-03-04T15:09:18.210+09:00[0;39m [32mDEBUG[0;39m [35m14904[0;39m [2m--- [samuraitravel] [nio-8080-exec-2] [0;39m[36mo.s.web.servlet.DispatcherServlet       [0;39m [2m:[0;39m GET "/storage/house03.jpg", parameters={}
[2m2025-03-04T15:09:18.210+09:00[0;39m [32mDEBUG[0;39m [35m14904[0;39m [2m--- [samuraitravel] [nio-8080-exec-7] [0;39m[36mo.s.web.servlet.DispatcherServlet       [0;39m [2m:[0;39m GET "/storage/house04.jpg", parameters={}
[2m2025-03-04T15:09:18.211+09:00[0;39m [32mDEBUG[0;39m [35m14904[0;39m [2m--- [samuraitravel] [nio-8080-exec-7] [0;39m[36mo.s.w.s.handler.SimpleUrlHandlerMapping [0;39m [2m:[0;39m Mapped to ResourceHttpRequestHandler [classpath [META-INF/resources/], classpath [resources/], classpath [static/], classpath [public/], ServletContext [/]]
[2m2025-03-04T15:09:18.212+09:00[0;39m [32mDEBUG[0;39m [35m14904[0;39m [2m--- [samuraitravel] [nio-8080-exec-6] [0;39m[36mo.s.web.servlet.DispatcherServlet       [0;39m [2m:[0;39m GET "/storage/house05.jpg", parameters={}
[2m2025-03-04T15:09:18.212+09:00[0;39m [32mDEBUG[0;39m [35m14904[0;39m [2m--- [samuraitravel] [nio-8080-exec-5] [0;39m[36mo.s.web.servlet.DispatcherServlet       [0;39m [2m:[0;39m GET "/storage/house06.jpg", parameters={}
[2m2025-03-04T15:09:18.212+09:00[0;39m [32mDEBUG[0;39m [35m14904[0;39m [2m--- [samuraitravel] [nio-8080-exec-1] [0;39m[36mo.s.web.servlet.DispatcherServlet       [0;39m [2m:[0;39m GET "/storage/house08.jpg", parameters={}
[2m2025-03-04T15:09:18.212+09:00[0;39m [32mDEBUG[0;39m [35m14904[0;39m [2m--- [samuraitravel] [nio-8080-exec-4] [0;39m[36mo.s.web.servlet.DispatcherServlet       [0;39m [2m:[0;39m GET "/storage/house07.jpg", parameters={}
[2m2025-03-04T15:09:18.212+09:00[0;39m [32mDEBUG[0;39m [35m14904[0;39m [2m--- [samuraitravel] [nio-8080-exec-1] [0;39m[36mo.s.w.s.handler.SimpleUrlHandlerMapping [0;39m [2m:[0;39m Mapped to ResourceHttpRequestHandler [classpath [META-INF/resources/], classpath [resources/], classpath [static/], classpath [public/], ServletContext [/]]
[2m2025-03-04T15:09:18.212+09:00[0;39m [32mDEBUG[0;39m [35m14904[0;39m [2m--- [samuraitravel] [nio-8080-exec-5] [0;39m[36mo.s.w.s.handler.SimpleUrlHandlerMapping [0;39m [2m:[0;39m Mapped to ResourceHttpRequestHandler [classpath [META-INF/resources/], classpath [resources/], classpath [static/], classpath [public/], ServletContext [/]]
[2m2025-03-04T15:09:18.212+09:00[0;39m [32mDEBUG[0;39m [35m14904[0;39m [2m--- [samuraitravel] [nio-8080-exec-6] [0;39m[36mo.s.w.s.handler.SimpleUrlHandlerMapping [0;39m [2m:[0;39m Mapped to ResourceHttpRequestHandler [classpath [META-INF/resources/], classpath [resources/], classpath [static/], classpath [public/], ServletContext [/]]
[2m2025-03-04T15:09:18.212+09:00[0;39m [32mDEBUG[0;39m [35m14904[0;39m [2m--- [samuraitravel] [nio-8080-exec-4] [0;39m[36mo.s.w.s.handler.SimpleUrlHandlerMapping [0;39m [2m:[0;39m Mapped to ResourceHttpRequestHandler [classpath [META-INF/resources/], classpath [resources/], classpath [static/], classpath [public/], ServletContext [/]]
[2m2025-03-04T15:09:18.215+09:00[0;39m [32mDEBUG[0;39m [35m14904[0;39m [2m--- [samuraitravel] [nio-8080-exec-2] [0;39m[36mo.s.w.s.handler.SimpleUrlHandlerMapping [0;39m [2m:[0;39m Mapped to ResourceHttpRequestHandler [classpath [META-INF/resources/], classpath [resources/], classpath [static/], classpath [public/], ServletContext [/]]
[2m2025-03-04T15:09:18.222+09:00[0;39m [32mDEBUG[0;39m [35m14904[0;39m [2m--- [samuraitravel] [nio-8080-exec-7] [0;39m[36mo.s.web.servlet.DispatcherServlet       [0;39m [2m:[0;39m Completed 200 OK
[2m2025-03-04T15:09:18.226+09:00[0;39m [32mDEBUG[0;39m [35m14904[0;39m [2m--- [samuraitravel] [nio-8080-exec-1] [0;39m[36mo.s.web.servlet.DispatcherServlet       [0;39m [2m:[0;39m Completed 200 OK
[2m2025-03-04T15:09:18.226+09:00[0;39m [32mDEBUG[0;39m [35m14904[0;39m [2m--- [samuraitravel] [nio-8080-exec-5] [0;39m[36mo.s.web.servlet.DispatcherServlet       [0;39m [2m:[0;39m Completed 200 OK
[2m2025-03-04T15:09:18.228+09:00[0;39m [32mDEBUG[0;39m [35m14904[0;39m [2m--- [samuraitravel] [nio-8080-exec-6] [0;39m[36mo.s.web.servlet.DispatcherServlet       [0;39m [2m:[0;39m Completed 200 OK
[2m2025-03-04T15:09:18.228+09:00[0;39m [32mDEBUG[0;39m [35m14904[0;39m [2m--- [samuraitravel] [nio-8080-exec-4] [0;39m[36mo.s.web.servlet.DispatcherServlet       [0;39m [2m:[0;39m Completed 200 OK
[2m2025-03-04T15:09:18.230+09:00[0;39m [32mDEBUG[0;39m [35m14904[0;39m [2m--- [samuraitravel] [nio-8080-exec-8] [0;39m[36mo.s.web.servlet.DispatcherServlet       [0;39m [2m:[0;39m GET "/storage/house09.jpg", parameters={}
[2m2025-03-04T15:09:18.231+09:00[0;39m [32mDEBUG[0;39m [35m14904[0;39m [2m--- [samuraitravel] [nio-8080-exec-8] [0;39m[36mo.s.w.s.handler.SimpleUrlHandlerMapping [0;39m [2m:[0;39m Mapped to ResourceHttpRequestHandler [classpath [META-INF/resources/], classpath [resources/], classpath [static/], classpath [public/], ServletContext [/]]
[2m2025-03-04T15:09:18.231+09:00[0;39m [32mDEBUG[0;39m [35m14904[0;39m [2m--- [samuraitravel] [io-8080-exec-10] [0;39m[36mo.s.web.servlet.DispatcherServlet       [0;39m [2m:[0;39m GET "/storage/house10.jpg", parameters={}
[2m2025-03-04T15:09:18.232+09:00[0;39m [32mDEBUG[0;39m [35m14904[0;39m [2m--- [samuraitravel] [io-8080-exec-10] [0;39m[36mo.s.w.s.handler.SimpleUrlHandlerMapping [0;39m [2m:[0;39m Mapped to ResourceHttpRequestHandler [classpath [META-INF/resources/], classpath [resources/], classpath [static/], classpath [public/], ServletContext [/]]
[2m2025-03-04T15:09:18.235+09:00[0;39m [32mDEBUG[0;39m [35m14904[0;39m [2m--- [samuraitravel] [nio-8080-exec-2] [0;39m[36mo.s.web.servlet.DispatcherServlet       [0;39m [2m:[0;39m Completed 200 OK
[2m2025-03-04T15:09:18.242+09:00[0;39m [32mDEBUG[0;39m [35m14904[0;39m [2m--- [samuraitravel] [io-8080-exec-10] [0;39m[36mo.s.web.servlet.DispatcherServlet       [0;39m [2m:[0;39m Completed 200 OK
[2m2025-03-04T15:09:18.243+09:00[0;39m [32mDEBUG[0;39m [35m14904[0;39m [2m--- [samuraitravel] [nio-8080-exec-8] [0;39m[36mo.s.web.servlet.DispatcherServlet       [0;39m [2m:[0;39m Completed 200 OK
[2m2025-03-04T15:09:19.366+09:00[0;39m [32mDEBUG[0;39m [35m14904[0;39m [2m--- [samuraitravel] [nio-8080-exec-3] [0;39m[36mo.s.web.servlet.DispatcherServlet       [0;39m [2m:[0;39m GET "/houses/3", parameters={}
[2m2025-03-04T15:09:19.366+09:00[0;39m [32mDEBUG[0;39m [35m14904[0;39m [2m--- [samuraitravel] [nio-8080-exec-3] [0;39m[36ms.w.s.m.m.a.RequestMappingHandlerMapping[0;39m [2m:[0;39m Mapped to com.example.samuraitravel.controller.HouseController#show(Integer, Model)
[2m2025-03-04T15:09:19.402+09:00[0;39m [32mDEBUG[0;39m [35m14904[0;39m [2m--- [samuraitravel] [nio-8080-exec-3] [0;39m[36mo.s.w.s.v.ContentNegotiatingViewResolver[0;39m [2m:[0;39m Selected 'text/html' given [text/html, application/xhtml+xml, image/avif, image/webp, image/apng, application/xml;q=0.9, */*;q=0.8, application/signed-exchange;v=b3;q=0.7]
[2m2025-03-04T15:09:19.419+09:00[0;39m [32mDEBUG[0;39m [35m14904[0;39m [2m--- [samuraitravel] [nio-8080-exec-3] [0;39m[36morg.hibernate.SQL                       [0;39m [2m:[0;39m select h1_0.id,h1_0.address,h1_0.capacity,h1_0.created_at,h1_0.description,h1_0.image_name,h1_0.name,h1_0.phone_number,h1_0.postal_code,h1_0.price,h1_0.updated_at from houses h1_0 where h1_0.id=?
[2m2025-03-04T15:09:19.455+09:00[0;39m [32mDEBUG[0;39m [35m14904[0;39m [2m--- [samuraitravel] [nio-8080-exec-9] [0;39m[36mo.s.web.servlet.DispatcherServlet       [0;39m [2m:[0;39m GET "/css/style.css", parameters={}
[2m2025-03-04T15:09:19.455+09:00[0;39m [32mDEBUG[0;39m [35m14904[0;39m [2m--- [samuraitravel] [nio-8080-exec-1] [0;39m[36mo.s.web.servlet.DispatcherServlet       [0;39m [2m:[0;39m GET "/storage/house03.jpg", parameters={}
[2m2025-03-04T15:09:19.455+09:00[0;39m [32mDEBUG[0;39m [35m14904[0;39m [2m--- [samuraitravel] [nio-8080-exec-1] [0;39m[36mo.s.w.s.handler.SimpleUrlHandlerMapping [0;39m [2m:[0;39m Mapped to ResourceHttpRequestHandler [classpath [META-INF/resources/], classpath [resources/], classpath [static/], classpath [public/], ServletContext [/]]
[2m2025-03-04T15:09:19.455+09:00[0;39m [32mDEBUG[0;39m [35m14904[0;39m [2m--- [samuraitravel] [nio-8080-exec-9] [0;39m[36mo.s.w.s.handler.SimpleUrlHandlerMapping [0;39m [2m:[0;39m Mapped to ResourceHttpRequestHandler [classpath [META-INF/resources/], classpath [resources/], classpath [static/], classpath [public/], ServletContext [/]]
[2m2025-03-04T15:09:19.455+09:00[0;39m [32mDEBUG[0;39m [35m14904[0;39m [2m--- [samuraitravel] [nio-8080-exec-7] [0;39m[36mo.s.web.servlet.DispatcherServlet       [0;39m [2m:[0;39m GET "/images/logo.png", parameters={}
[2m2025-03-04T15:09:19.458+09:00[0;39m [32mDEBUG[0;39m [35m14904[0;39m [2m--- [samuraitravel] [nio-8080-exec-7] [0;39m[36mo.s.w.s.handler.SimpleUrlHandlerMapping [0;39m [2m:[0;39m Mapped to ResourceHttpRequestHandler [classpath [META-INF/resources/], classpath [resources/], classpath [static/], classpath [public/], ServletContext [/]]
[2m2025-03-04T15:09:19.460+09:00[0;39m [32mDEBUG[0;39m [35m14904[0;39m [2m--- [samuraitravel] [nio-8080-exec-9] [0;39m[36mo.s.web.servlet.DispatcherServlet       [0;39m [2m:[0;39m Completed 200 OK
[2m2025-03-04T15:09:19.462+09:00[0;39m [32mDEBUG[0;39m [35m14904[0;39m [2m--- [samuraitravel] [nio-8080-exec-7] [0;39m[36mo.s.web.servlet.DispatcherServlet       [0;39m [2m:[0;39m Completed 200 OK
[2m2025-03-04T15:09:19.465+09:00[0;39m [32mDEBUG[0;39m [35m14904[0;39m [2m--- [samuraitravel] [nio-8080-exec-3] [0;39m[36mo.s.web.servlet.DispatcherServlet       [0;39m [2m:[0;39m Completed 200 OK
[2m2025-03-04T15:09:19.468+09:00[0;39m [32mDEBUG[0;39m [35m14904[0;39m [2m--- [samuraitravel] [nio-8080-exec-1] [0;39m[36mo.s.web.servlet.DispatcherServlet       [0;39m [2m:[0;39m Completed 200 OK
[2m2025-03-04T15:09:19.494+09:00[0;39m [32mDEBUG[0;39m [35m14904[0;39m [2m--- [samuraitravel] [nio-8080-exec-5] [0;39m[36mo.s.web.servlet.DispatcherServlet       [0;39m [2m:[0;39m GET "/js/flatpickr.js", parameters={}
[2m2025-03-04T15:09:19.494+09:00[0;39m [32mDEBUG[0;39m [35m14904[0;39m [2m--- [samuraitravel] [nio-8080-exec-5] [0;39m[36mo.s.w.s.handler.SimpleUrlHandlerMapping [0;39m [2m:[0;39m Mapped to ResourceHttpRequestHandler [classpath [META-INF/resources/], classpath [resources/], classpath [static/], classpath [public/], ServletContext [/]]
[2m2025-03-04T15:09:19.498+09:00[0;39m [32mDEBUG[0;39m [35m14904[0;39m [2m--- [samuraitravel] [nio-8080-exec-5] [0;39m[36mo.s.web.servlet.DispatcherServlet       [0;39m [2m:[0;39m Completed 200 OK
[2m2025-03-04T15:09:28.626+09:00[0;39m [32mDEBUG[0;39m [35m14904[0;39m [2m--- [samuraitravel] [nio-8080-exec-7] [0;39m[36mo.s.web.servlet.DispatcherServlet       [0;39m [2m:[0;39m GET "/houses/3/reservations/input?fromCheckinDateToCheckoutDate=2025-03-04+%E3%81%8B%E3%82%89+2025-03-05&numberOfPeople=2", parameters={masked}
[2m2025-03-04T15:09:28.627+09:00[0;39m [32mDEBUG[0;39m [35m14904[0;39m [2m--- [samuraitravel] [nio-8080-exec-7] [0;39m[36ms.w.s.m.m.a.RequestMappingHandlerMapping[0;39m [2m:[0;39m Mapped to com.example.samuraitravel.controller.ReservationController#input(Integer, ReservationInputForm, BindingResult, RedirectAttributes, Model)
[2m2025-03-04T15:09:28.690+09:00[0;39m [32mDEBUG[0;39m [35m14904[0;39m [2m--- [samuraitravel] [nio-8080-exec-7] [0;39m[36morg.hibernate.SQL                       [0;39m [2m:[0;39m select h1_0.id,h1_0.address,h1_0.capacity,h1_0.created_at,h1_0.description,h1_0.image_name,h1_0.name,h1_0.phone_number,h1_0.postal_code,h1_0.price,h1_0.updated_at from houses h1_0 where h1_0.id=?
[2m2025-03-04T15:09:28.690+09:00[0;39m [32mDEBUG[0;39m [35m14904[0;39m [2m--- [samuraitravel] [nio-8080-exec-7] [0;39m[36mo.s.web.servlet.view.RedirectView       [0;39m [2m:[0;39m View name [redirect:], model {}
[2m2025-03-04T15:09:28.706+09:00[0;39m [32mDEBUG[0;39m [35m14904[0;39m [2m--- [samuraitravel] [nio-8080-exec-7] [0;39m[36mo.s.web.servlet.DispatcherServlet       [0;39m [2m:[0;39m Completed 302 FOUND
[2m2025-03-04T15:09:28.706+09:00[0;39m [32mDEBUG[0;39m [35m14904[0;39m [2m--- [samuraitravel] [nio-8080-exec-3] [0;39m[36mo.s.web.servlet.DispatcherServlet       [0;39m [2m:[0;39m GET "/houses/3/reservations/confirm", parameters={}
[2m2025-03-04T15:09:28.706+09:00[0;39m [32mDEBUG[0;39m [35m14904[0;39m [2m--- [samuraitravel] [nio-8080-exec-3] [0;39m[36ms.w.s.m.m.a.RequestMappingHandlerMapping[0;39m [2m:[0;39m Mapped to com.example.samuraitravel.controller.ReservationController#confirm(Integer, ReservationInputForm, UserDetailsImpl, HttpServletRequest, Model)
[2m2025-03-04T15:09:28.706+09:00[0;39m [32mDEBUG[0;39m [35m14904[0;39m [2m--- [samuraitravel] [nio-8080-exec-3] [0;39m[36morg.hibernate.SQL                       [0;39m [2m:[0;39m select h1_0.id,h1_0.address,h1_0.capacity,h1_0.created_at,h1_0.description,h1_0.image_name,h1_0.name,h1_0.phone_number,h1_0.postal_code,h1_0.price,h1_0.updated_at from houses h1_0 where h1_0.id=?
[2m2025-03-04T15:09:29.672+09:00[0;39m [32mDEBUG[0;39m [35m14904[0;39m [2m--- [samuraitravel] [nio-8080-exec-3] [0;39m[36mo.s.w.s.v.ContentNegotiatingViewResolver[0;39m [2m:[0;39m Selected 'text/html' given [text/html, application/xhtml+xml, image/avif, image/webp, image/apng, application/xml;q=0.9, */*;q=0.8, application/signed-exchange;v=b3;q=0.7]
[2m2025-03-04T15:09:29.737+09:00[0;39m [32mDEBUG[0;39m [35m14904[0;39m [2m--- [samuraitravel] [nio-8080-exec-3] [0;39m[36mo.s.web.servlet.DispatcherServlet       [0;39m [2m:[0;39m Completed 200 OK
[2m2025-03-04T15:09:29.746+09:00[0;39m [32mDEBUG[0;39m [35m14904[0;39m [2m--- [samuraitravel] [nio-8080-exec-1] [0;39m[36mo.s.web.servlet.DispatcherServlet       [0;39m [2m:[0;39m GET "/css/style.css", parameters={}
[2m2025-03-04T15:09:29.748+09:00[0;39m [32mDEBUG[0;39m [35m14904[0;39m [2m--- [samuraitravel] [nio-8080-exec-5] [0;39m[36mo.s.web.servlet.DispatcherServlet       [0;39m [2m:[0;39m GET "/images/logo.png", parameters={}
[2m2025-03-04T15:09:29.747+09:00[0;39m [32mDEBUG[0;39m [35m14904[0;39m [2m--- [samuraitravel] [nio-8080-exec-1] [0;39m[36mo.s.w.s.handler.SimpleUrlHandlerMapping [0;39m [2m:[0;39m Mapped to ResourceHttpRequestHandler [classpath [META-INF/resources/], classpath [resources/], classpath [static/], classpath [public/], ServletContext [/]]
[2m2025-03-04T15:09:29.749+09:00[0;39m [32mDEBUG[0;39m [35m14904[0;39m [2m--- [samuraitravel] [nio-8080-exec-5] [0;39m[36mo.s.w.s.handler.SimpleUrlHandlerMapping [0;39m [2m:[0;39m Mapped to ResourceHttpRequestHandler [classpath [META-INF/resources/], classpath [resources/], classpath [static/], classpath [public/], ServletContext [/]]
[2m2025-03-04T15:09:29.749+09:00[0;39m [32mDEBUG[0;39m [35m14904[0;39m [2m--- [samuraitravel] [nio-8080-exec-2] [0;39m[36mo.s.web.servlet.DispatcherServlet       [0;39m [2m:[0;39m GET "/js/stripe.js", parameters={}
[2m2025-03-04T15:09:29.750+09:00[0;39m [32mDEBUG[0;39m [35m14904[0;39m [2m--- [samuraitravel] [nio-8080-exec-2] [0;39m[36mo.s.w.s.handler.SimpleUrlHandlerMapping [0;39m [2m:[0;39m Mapped to ResourceHttpRequestHandler [classpath [META-INF/resources/], classpath [resources/], classpath [static/], classpath [public/], ServletContext [/]]
[2m2025-03-04T15:09:29.752+09:00[0;39m [32mDEBUG[0;39m [35m14904[0;39m [2m--- [samuraitravel] [nio-8080-exec-1] [0;39m[36mo.s.web.servlet.DispatcherServlet       [0;39m [2m:[0;39m Completed 200 OK
[2m2025-03-04T15:09:29.753+09:00[0;39m [32mDEBUG[0;39m [35m14904[0;39m [2m--- [samuraitravel] [nio-8080-exec-5] [0;39m[36mo.s.web.servlet.DispatcherServlet       [0;39m [2m:[0;39m Completed 200 OK
[2m2025-03-04T15:09:29.753+09:00[0;39m [32mDEBUG[0;39m [35m14904[0;39m [2m--- [samuraitravel] [nio-8080-exec-2] [0;39m[36mo.s.web.servlet.DispatcherServlet       [0;39m [2m:[0;39m Completed 200 OK
[2m2025-03-04T15:09:46.292+09:00[0;39m [32mDEBUG[0;39m [35m14904[0;39m [2m--- [samuraitravel] [nio-8080-exec-4] [0;39m[36mo.s.web.servlet.DispatcherServlet       [0;39m [2m:[0;39m GET "/reservations?reserved", parameters={masked}
[2m2025-03-04T15:09:46.293+09:00[0;39m [32mDEBUG[0;39m [35m14904[0;39m [2m--- [samuraitravel] [nio-8080-exec-4] [0;39m[36ms.w.s.m.m.a.RequestMappingHandlerMapping[0;39m [2m:[0;39m Mapped to com.example.samuraitravel.controller.ReservationController#index(UserDetailsImpl, Pageable, Model)
[2m2025-03-04T15:09:46.323+09:00[0;39m [32mDEBUG[0;39m [35m14904[0;39m [2m--- [samuraitravel] [nio-8080-exec-4] [0;39m[36morg.hibernate.SQL                       [0;39m [2m:[0;39m select r1_0.id,r1_0.amount,r1_0.checkin_date,r1_0.checkout_date,r1_0.created_at,r1_0.house_id,r1_0.number_of_people,r1_0.updated_at,r1_0.user_id from reservations r1_0 where r1_0.user_id=? order by r1_0.created_at desc,r1_0.id limit ?
[2m2025-03-04T15:09:46.329+09:00[0;39m [32mDEBUG[0;39m [35m14904[0;39m [2m--- [samuraitravel] [nio-8080-exec-4] [0;39m[36morg.hibernate.SQL                       [0;39m [2m:[0;39m select h1_0.id,h1_0.address,h1_0.capacity,h1_0.created_at,h1_0.description,h1_0.image_name,h1_0.name,h1_0.phone_number,h1_0.postal_code,h1_0.price,h1_0.updated_at from houses h1_0 where h1_0.id=?
[2m2025-03-04T15:09:46.330+09:00[0;39m [32mDEBUG[0;39m [35m14904[0;39m [2m--- [samuraitravel] [nio-8080-exec-4] [0;39m[36morg.hibernate.SQL                       [0;39m [2m:[0;39m select u1_0.id,u1_0.address,u1_0.created_at,u1_0.email,u1_0.enabled,u1_0.furigana,u1_0.name,u1_0.password,u1_0.phone_number,u1_0.postal_code,r1_0.id,r1_0.name,u1_0.updated_at from users u1_0 left join roles r1_0 on r1_0.id=u1_0.role_id where u1_0.id=?
[2m2025-03-04T15:09:46.336+09:00[0;39m [32mDEBUG[0;39m [35m14904[0;39m [2m--- [samuraitravel] [nio-8080-exec-4] [0;39m[36morg.hibernate.SQL                       [0;39m [2m:[0;39m select h1_0.id,h1_0.address,h1_0.capacity,h1_0.created_at,h1_0.description,h1_0.image_name,h1_0.name,h1_0.phone_number,h1_0.postal_code,h1_0.price,h1_0.updated_at from houses h1_0 where h1_0.id=?
[2m2025-03-04T15:09:46.339+09:00[0;39m [32mDEBUG[0;39m [35m14904[0;39m [2m--- [samuraitravel] [nio-8080-exec-4] [0;39m[36morg.hibernate.SQL                       [0;39m [2m:[0;39m select h1_0.id,h1_0.address,h1_0.capacity,h1_0.created_at,h1_0.description,h1_0.image_name,h1_0.name,h1_0.phone_number,h1_0.postal_code,h1_0.price,h1_0.updated_at from houses h1_0 where h1_0.id=?
[2m2025-03-04T15:09:46.341+09:00[0;39m [32mDEBUG[0;39m [35m14904[0;39m [2m--- [samuraitravel] [nio-8080-exec-4] [0;39m[36morg.hibernate.SQL                       [0;39m [2m:[0;39m select h1_0.id,h1_0.address,h1_0.capacity,h1_0.created_at,h1_0.description,h1_0.image_name,h1_0.name,h1_0.phone_number,h1_0.postal_code,h1_0.price,h1_0.updated_at from houses h1_0 where h1_0.id=?
[2m2025-03-04T15:09:46.345+09:00[0;39m [32mDEBUG[0;39m [35m14904[0;39m [2m--- [samuraitravel] [nio-8080-exec-4] [0;39m[36morg.hibernate.SQL                       [0;39m [2m:[0;39m select h1_0.id,h1_0.address,h1_0.capacity,h1_0.created_at,h1_0.description,h1_0.image_name,h1_0.name,h1_0.phone_number,h1_0.postal_code,h1_0.price,h1_0.updated_at from houses h1_0 where h1_0.id=?
[2m2025-03-04T15:09:46.348+09:00[0;39m [32mDEBUG[0;39m [35m14904[0;39m [2m--- [samuraitravel] [nio-8080-exec-4] [0;39m[36morg.hibernate.SQL                       [0;39m [2m:[0;39m select h1_0.id,h1_0.address,h1_0.capacity,h1_0.created_at,h1_0.description,h1_0.image_name,h1_0.name,h1_0.phone_number,h1_0.postal_code,h1_0.price,h1_0.updated_at from houses h1_0 where h1_0.id=?
[2m2025-03-04T15:09:46.351+09:00[0;39m [32mDEBUG[0;39m [35m14904[0;39m [2m--- [samuraitravel] [nio-8080-exec-4] [0;39m[36morg.hibernate.SQL                       [0;39m [2m:[0;39m select h1_0.id,h1_0.address,h1_0.capacity,h1_0.created_at,h1_0.description,h1_0.image_name,h1_0.name,h1_0.phone_number,h1_0.postal_code,h1_0.price,h1_0.updated_at from houses h1_0 where h1_0.id=?
[2m2025-03-04T15:09:46.353+09:00[0;39m [32mDEBUG[0;39m [35m14904[0;39m [2m--- [samuraitravel] [nio-8080-exec-4] [0;39m[36morg.hibernate.SQL                       [0;39m [2m:[0;39m select h1_0.id,h1_0.address,h1_0.capacity,h1_0.created_at,h1_0.description,h1_0.image_name,h1_0.name,h1_0.phone_number,h1_0.postal_code,h1_0.price,h1_0.updated_at from houses h1_0 where h1_0.id=?
[2m2025-03-04T15:09:46.354+09:00[0;39m [32mDEBUG[0;39m [35m14904[0;39m [2m--- [samuraitravel] [nio-8080-exec-4] [0;39m[36morg.hibernate.SQL                       [0;39m [2m:[0;39m select h1_0.id,h1_0.address,h1_0.capacity,h1_0.created_at,h1_0.description,h1_0.image_name,h1_0.name,h1_0.phone_number,h1_0.postal_code,h1_0.price,h1_0.updated_at from houses h1_0 where h1_0.id=?
[2m2025-03-04T15:09:46.365+09:00[0;39m [32mDEBUG[0;39m [35m14904[0;39m [2m--- [samuraitravel] [nio-8080-exec-4] [0;39m[36morg.hibernate.SQL                       [0;39m [2m:[0;39m select count(r1_0.id) from reservations r1_0 where r1_0.user_id=?
[2m2025-03-04T15:09:46.372+09:00[0;39m [32mDEBUG[0;39m [35m14904[0;39m [2m--- [samuraitravel] [nio-8080-exec-4] [0;39m[36mo.s.w.s.v.ContentNegotiatingViewResolver[0;39m [2m:[0;39m Selected 'text/html' given [text/html, application/xhtml+xml, image/avif, image/webp, image/apng, application/xml;q=0.9, */*;q=0.8, application/signed-exchange;v=b3;q=0.7]
[2m2025-03-04T15:09:46.421+09:00[0;39m [32mDEBUG[0;39m [35m14904[0;39m [2m--- [samuraitravel] [nio-8080-exec-4] [0;39m[36mo.s.web.servlet.DispatcherServlet       [0;39m [2m:[0;39m Completed 200 OK
[2m2025-03-04T15:09:46.465+09:00[0;39m [32mDEBUG[0;39m [35m14904[0;39m [2m--- [samuraitravel] [nio-8080-exec-7] [0;39m[36mo.s.web.servlet.DispatcherServlet       [0;39m [2m:[0;39m GET "/images/logo.png", parameters={}
[2m2025-03-04T15:09:46.465+09:00[0;39m [32mDEBUG[0;39m [35m14904[0;39m [2m--- [samuraitravel] [io-8080-exec-10] [0;39m[36mo.s.web.servlet.DispatcherServlet       [0;39m [2m:[0;39m GET "/css/style.css", parameters={}
[2m2025-03-04T15:09:46.468+09:00[0;39m [32mDEBUG[0;39m [35m14904[0;39m [2m--- [samuraitravel] [io-8080-exec-10] [0;39m[36mo.s.w.s.handler.SimpleUrlHandlerMapping [0;39m [2m:[0;39m Mapped to ResourceHttpRequestHandler [classpath [META-INF/resources/], classpath [resources/], classpath [static/], classpath [public/], ServletContext [/]]
[2m2025-03-04T15:09:46.468+09:00[0;39m [32mDEBUG[0;39m [35m14904[0;39m [2m--- [samuraitravel] [nio-8080-exec-7] [0;39m[36mo.s.w.s.handler.SimpleUrlHandlerMapping [0;39m [2m:[0;39m Mapped to ResourceHttpRequestHandler [classpath [META-INF/resources/], classpath [resources/], classpath [static/], classpath [public/], ServletContext [/]]
[2m2025-03-04T15:09:46.470+09:00[0;39m [32mDEBUG[0;39m [35m14904[0;39m [2m--- [samuraitravel] [io-8080-exec-10] [0;39m[36mo.s.web.servlet.DispatcherServlet       [0;39m [2m:[0;39m Completed 200 OK
[2m2025-03-04T15:09:46.470+09:00[0;39m [32mDEBUG[0;39m [35m14904[0;39m [2m--- [samuraitravel] [nio-8080-exec-7] [0;39m[36mo.s.web.servlet.DispatcherServlet       [0;39m [2m:[0;39m Completed 200 OK
