
  .   ____          _            __ _ _
 /\\ / ___'_ __ _ _(_)_ __  __ _ \ \ \ \
( ( )\___ | '_ | '_| | '_ \/ _` | \ \ \ \
 \\/  ___)| |_)| | | | | || (_| |  ) ) ) )
  '  |____| .__|_| |_|_| |_\__, | / / / /
 =========|_|==============|___/=/_/_/_/

[32m :: Spring Boot :: [39m              [2m (v3.4.2)[0;39m

[2m2025-03-04T13:48:36.717+09:00[0;39m [32m INFO[0;39m [35m13260[0;39m [2m--- [samuraitravel] [  restartedMain] [0;39m[36mc.e.s.SamuraitravelApplication          [0;39m [2m:[0;39m Starting SamuraitravelApplication using Java 17.0.10 with PID 13260 (C:\workspease\samuraitravel\target\classes started by okamo0180 in C:\workspease\samuraitravel)
[2m2025-03-04T13:48:36.719+09:00[0;39m [32m INFO[0;39m [35m13260[0;39m [2m--- [samuraitravel] [  restartedMain] [0;39m[36mc.e.s.SamuraitravelApplication          [0;39m [2m:[0;39m No active profile set, falling back to 1 default profile: "default"
[2m2025-03-04T13:48:36.781+09:00[0;39m [32m INFO[0;39m [35m13260[0;39m [2m--- [samuraitravel] [  restartedMain] [0;39m[36m.e.DevToolsPropertyDefaultsPostProcessor[0;39m [2m:[0;39m Devtools property defaults active! Set 'spring.devtools.add-properties' to 'false' to disable
[2m2025-03-04T13:48:36.781+09:00[0;39m [32m INFO[0;39m [35m13260[0;39m [2m--- [samuraitravel] [  restartedMain] [0;39m[36m.e.DevToolsPropertyDefaultsPostProcessor[0;39m [2m:[0;39m For additional web related logging consider setting the 'logging.level.web' property to 'DEBUG'
[2m2025-03-04T13:48:37.984+09:00[0;39m [32m INFO[0;39m [35m13260[0;39m [2m--- [samuraitravel] [  restartedMain] [0;39m[36m.s.d.r.c.RepositoryConfigurationDelegate[0;39m [2m:[0;39m Bootstrapping Spring Data JPA repositories in DEFAULT mode.
[2m2025-03-04T13:48:38.066+09:00[0;39m [32m INFO[0;39m [35m13260[0;39m [2m--- [samuraitravel] [  restartedMain] [0;39m[36m.s.d.r.c.RepositoryConfigurationDelegate[0;39m [2m:[0;39m Finished Spring Data repository scanning in 68 ms. Found 5 JPA repository interfaces.
[2m2025-03-04T13:48:38.804+09:00[0;39m [32m INFO[0;39m [35m13260[0;39m [2m--- [samuraitravel] [  restartedMain] [0;39m[36mo.s.b.w.embedded.tomcat.TomcatWebServer [0;39m [2m:[0;39m Tomcat initialized with port 8080 (http)
[2m2025-03-04T13:48:38.822+09:00[0;39m [32m INFO[0;39m [35m13260[0;39m [2m--- [samuraitravel] [  restartedMain] [0;39m[36mo.apache.catalina.core.StandardService  [0;39m [2m:[0;39m Starting service [Tomcat]
[2m2025-03-04T13:48:38.822+09:00[0;39m [32m INFO[0;39m [35m13260[0;39m [2m--- [samuraitravel] [  restartedMain] [0;39m[36mo.apache.catalina.core.StandardEngine   [0;39m [2m:[0;39m Starting Servlet engine: [Apache Tomcat/10.1.34]
[2m2025-03-04T13:48:38.890+09:00[0;39m [32m INFO[0;39m [35m13260[0;39m [2m--- [samuraitravel] [  restartedMain] [0;39m[36mo.a.c.c.C.[Tomcat].[localhost].[/]      [0;39m [2m:[0;39m Initializing Spring embedded WebApplicationContext
[2m2025-03-04T13:48:38.891+09:00[0;39m [32m INFO[0;39m [35m13260[0;39m [2m--- [samuraitravel] [  restartedMain] [0;39m[36mw.s.c.ServletWebServerApplicationContext[0;39m [2m:[0;39m Root WebApplicationContext: initialization completed in 2108 ms
[2m2025-03-04T13:48:39.022+09:00[0;39m [32m INFO[0;39m [35m13260[0;39m [2m--- [samuraitravel] [  restartedMain] [0;39m[36mcom.zaxxer.hikari.HikariDataSource      [0;39m [2m:[0;39m HikariPool-1 - Starting...
[2m2025-03-04T13:48:39.546+09:00[0;39m [32m INFO[0;39m [35m13260[0;39m [2m--- [samuraitravel] [  restartedMain] [0;39m[36mcom.zaxxer.hikari.pool.HikariPool       [0;39m [2m:[0;39m HikariPool-1 - Added connection com.mysql.cj.jdbc.ConnectionImpl@443b86f7
[2m2025-03-04T13:48:39.549+09:00[0;39m [32m INFO[0;39m [35m13260[0;39m [2m--- [samuraitravel] [  restartedMain] [0;39m[36mcom.zaxxer.hikari.HikariDataSource      [0;39m [2m:[0;39m HikariPool-1 - Start completed.
[2m2025-03-04T13:48:39.901+09:00[0;39m [32m INFO[0;39m [35m13260[0;39m [2m--- [samuraitravel] [  restartedMain] [0;39m[36mo.hibernate.jpa.internal.util.LogHelper [0;39m [2m:[0;39m HHH000204: Processing PersistenceUnitInfo [name: default]
[2m2025-03-04T13:48:40.019+09:00[0;39m [32m INFO[0;39m [35m13260[0;39m [2m--- [samuraitravel] [  restartedMain] [0;39m[36morg.hibernate.Version                   [0;39m [2m:[0;39m HHH000412: Hibernate ORM core version 6.6.5.Final
[2m2025-03-04T13:48:40.076+09:00[0;39m [32m INFO[0;39m [35m13260[0;39m [2m--- [samuraitravel] [  restartedMain] [0;39m[36mo.h.c.internal.RegionFactoryInitiator   [0;39m [2m:[0;39m HHH000026: Second-level cache disabled
[2m2025-03-04T13:48:40.435+09:00[0;39m [32m INFO[0;39m [35m13260[0;39m [2m--- [samuraitravel] [  restartedMain] [0;39m[36mo.s.o.j.p.SpringPersistenceUnitInfo     [0;39m [2m:[0;39m No LoadTimeWeaver setup: ignoring JPA class transformer
[2m2025-03-04T13:48:40.601+09:00[0;39m [32m INFO[0;39m [35m13260[0;39m [2m--- [samuraitravel] [  restartedMain] [0;39m[36morg.hibernate.orm.connections.pooling   [0;39m [2m:[0;39m HHH10001005: Database info:
	Database JDBC URL [Connecting through datasource 'HikariDataSource (HikariPool-1)']
	Database driver: undefined/unknown
	Database version: 8.0.32
	Autocommit mode: undefined/unknown
	Isolation level: undefined/unknown
	Minimum pool size: undefined/unknown
	Maximum pool size: undefined/unknown
[2m2025-03-04T13:48:41.712+09:00[0;39m [32m INFO[0;39m [35m13260[0;39m [2m--- [samuraitravel] [  restartedMain] [0;39m[36mo.h.e.t.j.p.i.JtaPlatformInitiator      [0;39m [2m:[0;39m HHH000489: No JTA platform available (set 'hibernate.transaction.jta.platform' to enable JTA platform integration)
[2m2025-03-04T13:48:41.716+09:00[0;39m [32m INFO[0;39m [35m13260[0;39m [2m--- [samuraitravel] [  restartedMain] [0;39m[36mj.LocalContainerEntityManagerFactoryBean[0;39m [2m:[0;39m Initialized JPA EntityManagerFactory for persistence unit 'default'
[2m2025-03-04T13:48:42.278+09:00[0;39m [33m WARN[0;39m [35m13260[0;39m [2m--- [samuraitravel] [  restartedMain] [0;39m[36mJpaBaseConfiguration$JpaWebConfiguration[0;39m [2m:[0;39m spring.jpa.open-in-view is enabled by default. Therefore, database queries may be performed during view rendering. Explicitly configure spring.jpa.open-in-view to disable this warning
[2m2025-03-04T13:48:42.308+09:00[0;39m [32m INFO[0;39m [35m13260[0;39m [2m--- [samuraitravel] [  restartedMain] [0;39m[36mr$InitializeUserDetailsManagerConfigurer[0;39m [2m:[0;39m Global AuthenticationManager configured with UserDetailsService bean with name userDetailsServiceImpl
[2m2025-03-04T13:48:42.400+09:00[0;39m [32m INFO[0;39m [35m13260[0;39m [2m--- [samuraitravel] [  restartedMain] [0;39m[36mo.s.b.a.w.s.WelcomePageHandlerMapping   [0;39m [2m:[0;39m Adding welcome page template: index
[2m2025-03-04T13:48:43.090+09:00[0;39m [32m INFO[0;39m [35m13260[0;39m [2m--- [samuraitravel] [  restartedMain] [0;39m[36mo.s.b.d.a.OptionalLiveReloadServer      [0;39m [2m:[0;39m LiveReload server is running on port 35729
[2m2025-03-04T13:48:43.151+09:00[0;39m [32m INFO[0;39m [35m13260[0;39m [2m--- [samuraitravel] [  restartedMain] [0;39m[36mo.s.b.w.embedded.tomcat.TomcatWebServer [0;39m [2m:[0;39m Tomcat started on port 8080 (http) with context path '/'
[2m2025-03-04T13:48:43.163+09:00[0;39m [32m INFO[0;39m [35m13260[0;39m [2m--- [samuraitravel] [  restartedMain] [0;39m[36mc.e.s.SamuraitravelApplication          [0;39m [2m:[0;39m Started SamuraitravelApplication in 6.92 seconds (process running for 7.968)
[2m2025-03-04T13:49:59.387+09:00[0;39m [32m INFO[0;39m [35m13260[0;39m [2m--- [samuraitravel] [nio-8080-exec-1] [0;39m[36mo.a.c.c.C.[Tomcat].[localhost].[/]      [0;39m [2m:[0;39m Initializing Spring DispatcherServlet 'dispatcherServlet'
[2m2025-03-04T13:49:59.387+09:00[0;39m [32m INFO[0;39m [35m13260[0;39m [2m--- [samuraitravel] [nio-8080-exec-1] [0;39m[36mo.s.web.servlet.DispatcherServlet       [0;39m [2m:[0;39m Initializing Servlet 'dispatcherServlet'
[2m2025-03-04T13:49:59.390+09:00[0;39m [32m INFO[0;39m [35m13260[0;39m [2m--- [samuraitravel] [nio-8080-exec-1] [0;39m[36mo.s.web.servlet.DispatcherServlet       [0;39m [2m:[0;39m Completed initialization in 3 ms
